{"/home/lybace/Desktop/Projects/Internship/ECommerce-Store/backend/controllers/authController.js": {"path":"/home/lybace/Desktop/Projects/Internship/ECommerce-Store/backend/controllers/authController.js","statementMap":{"0":{"start":{"line":4,"column":13},"end":{"line":4,"column":38}},"1":{"start":{"line":5,"column":22},"end":{"line":5,"column":55}},"2":{"start":{"line":10,"column":0},"end":{"line":51,"column":2}},"3":{"start":{"line":11,"column":2},"end":{"line":50,"column":3}},"4":{"start":{"line":12,"column":54},"end":{"line":12,"column":62}},"5":{"start":{"line":15,"column":23},"end":{"line":15,"column":52}},"6":{"start":{"line":17,"column":4},"end":{"line":22,"column":5}},"7":{"start":{"line":18,"column":6},"end":{"line":21,"column":9}},"8":{"start":{"line":25,"column":17},"end":{"line":31,"column":6}},"9":{"start":{"line":33,"column":18},"end":{"line":33,"column":41}},"10":{"start":{"line":35,"column":4},"end":{"line":47,"column":7}},"11":{"start":{"line":49,"column":4},"end":{"line":49,"column":16}},"12":{"start":{"line":56,"column":0},"end":{"line":107,"column":2}},"13":{"start":{"line":57,"column":2},"end":{"line":106,"column":3}},"14":{"start":{"line":58,"column":32},"end":{"line":58,"column":40}},"15":{"start":{"line":61,"column":4},"end":{"line":66,"column":5}},"16":{"start":{"line":62,"column":6},"end":{"line":65,"column":9}},"17":{"start":{"line":69,"column":17},"end":{"line":69,"column":66}},"18":{"start":{"line":71,"column":4},"end":{"line":76,"column":5}},"19":{"start":{"line":72,"column":6},"end":{"line":75,"column":9}},"20":{"start":{"line":79,"column":20},"end":{"line":79,"column":56}},"21":{"start":{"line":81,"column":4},"end":{"line":86,"column":5}},"22":{"start":{"line":82,"column":6},"end":{"line":85,"column":9}},"23":{"start":{"line":89,"column":18},"end":{"line":89,"column":41}},"24":{"start":{"line":91,"column":4},"end":{"line":103,"column":7}},"25":{"start":{"line":105,"column":4},"end":{"line":105,"column":16}},"26":{"start":{"line":112,"column":0},"end":{"line":132,"column":2}},"27":{"start":{"line":113,"column":2},"end":{"line":131,"column":3}},"28":{"start":{"line":114,"column":17},"end":{"line":114,"column":49}},"29":{"start":{"line":115,"column":0},"end":{"line":128,"column":7}},"30":{"start":{"line":130,"column":4},"end":{"line":130,"column":16}},"31":{"start":{"line":137,"column":0},"end":{"line":171,"column":2}},"32":{"start":{"line":138,"column":2},"end":{"line":170,"column":3}},"33":{"start":{"line":139,"column":44},"end":{"line":139,"column":52}},"34":{"start":{"line":142,"column":27},"end":{"line":142,"column":29}},"35":{"start":{"line":143,"column":4},"end":{"line":143,"column":41}},"36":{"start":{"line":143,"column":14},"end":{"line":143,"column":41}},"37":{"start":{"line":144,"column":4},"end":{"line":144,"column":44}},"38":{"start":{"line":144,"column":15},"end":{"line":144,"column":44}},"39":{"start":{"line":145,"column":4},"end":{"line":145,"column":44}},"40":{"start":{"line":145,"column":15},"end":{"line":145,"column":44}},"41":{"start":{"line":146,"column":4},"end":{"line":146,"column":50}},"42":{"start":{"line":146,"column":17},"end":{"line":146,"column":50}},"43":{"start":{"line":148,"column":17},"end":{"line":152,"column":5}},"44":{"start":{"line":154,"column":4},"end":{"line":167,"column":7}},"45":{"start":{"line":169,"column":4},"end":{"line":169,"column":16}},"46":{"start":{"line":176,"column":0},"end":{"line":215,"column":2}},"47":{"start":{"line":177,"column":2},"end":{"line":214,"column":3}},"48":{"start":{"line":178,"column":45},"end":{"line":178,"column":53}},"49":{"start":{"line":180,"column":4},"end":{"line":185,"column":5}},"50":{"start":{"line":181,"column":6},"end":{"line":184,"column":9}},"51":{"start":{"line":188,"column":17},"end":{"line":188,"column":69}},"52":{"start":{"line":191,"column":20},"end":{"line":191,"column":63}},"53":{"start":{"line":193,"column":4},"end":{"line":198,"column":5}},"54":{"start":{"line":194,"column":6},"end":{"line":197,"column":9}},"55":{"start":{"line":201,"column":4},"end":{"line":201,"column":32}},"56":{"start":{"line":202,"column":4},"end":{"line":202,"column":22}},"57":{"start":{"line":205,"column":18},"end":{"line":205,"column":41}},"58":{"start":{"line":206,"column":4},"end":{"line":210,"column":7}},"59":{"start":{"line":213,"column":4},"end":{"line":213,"column":16}}},"fnMap":{"0":{"name":"(anonymous_0)","decl":{"start":{"line":10,"column":19},"end":{"line":10,"column":20}},"loc":{"start":{"line":10,"column":45},"end":{"line":51,"column":1}},"line":10},"1":{"name":"(anonymous_1)","decl":{"start":{"line":56,"column":16},"end":{"line":56,"column":17}},"loc":{"start":{"line":56,"column":42},"end":{"line":107,"column":1}},"line":56},"2":{"name":"(anonymous_2)","decl":{"start":{"line":112,"column":16},"end":{"line":112,"column":17}},"loc":{"start":{"line":112,"column":42},"end":{"line":132,"column":1}},"line":112},"3":{"name":"(anonymous_3)","decl":{"start":{"line":137,"column":24},"end":{"line":137,"column":25}},"loc":{"start":{"line":137,"column":50},"end":{"line":171,"column":1}},"line":137},"4":{"name":"(anonymous_4)","decl":{"start":{"line":176,"column":25},"end":{"line":176,"column":26}},"loc":{"start":{"line":176,"column":51},"end":{"line":215,"column":1}},"line":176}},"branchMap":{"0":{"loc":{"start":{"line":17,"column":4},"end":{"line":22,"column":5}},"type":"if","locations":[{"start":{"line":17,"column":4},"end":{"line":22,"column":5}},{"start":{},"end":{}}],"line":17},"1":{"loc":{"start":{"line":61,"column":4},"end":{"line":66,"column":5}},"type":"if","locations":[{"start":{"line":61,"column":4},"end":{"line":66,"column":5}},{"start":{},"end":{}}],"line":61},"2":{"loc":{"start":{"line":61,"column":8},"end":{"line":61,"column":27}},"type":"binary-expr","locations":[{"start":{"line":61,"column":8},"end":{"line":61,"column":14}},{"start":{"line":61,"column":18},"end":{"line":61,"column":27}}],"line":61},"3":{"loc":{"start":{"line":71,"column":4},"end":{"line":76,"column":5}},"type":"if","locations":[{"start":{"line":71,"column":4},"end":{"line":76,"column":5}},{"start":{},"end":{}}],"line":71},"4":{"loc":{"start":{"line":81,"column":4},"end":{"line":86,"column":5}},"type":"if","locations":[{"start":{"line":81,"column":4},"end":{"line":86,"column":5}},{"start":{},"end":{}}],"line":81},"5":{"loc":{"start":{"line":143,"column":4},"end":{"line":143,"column":41}},"type":"if","locations":[{"start":{"line":143,"column":4},"end":{"line":143,"column":41}},{"start":{},"end":{}}],"line":143},"6":{"loc":{"start":{"line":144,"column":4},"end":{"line":144,"column":44}},"type":"if","locations":[{"start":{"line":144,"column":4},"end":{"line":144,"column":44}},{"start":{},"end":{}}],"line":144},"7":{"loc":{"start":{"line":145,"column":4},"end":{"line":145,"column":44}},"type":"if","locations":[{"start":{"line":145,"column":4},"end":{"line":145,"column":44}},{"start":{},"end":{}}],"line":145},"8":{"loc":{"start":{"line":146,"column":4},"end":{"line":146,"column":50}},"type":"if","locations":[{"start":{"line":146,"column":4},"end":{"line":146,"column":50}},{"start":{},"end":{}}],"line":146},"9":{"loc":{"start":{"line":180,"column":4},"end":{"line":185,"column":5}},"type":"if","locations":[{"start":{"line":180,"column":4},"end":{"line":185,"column":5}},{"start":{},"end":{}}],"line":180},"10":{"loc":{"start":{"line":180,"column":8},"end":{"line":180,"column":40}},"type":"binary-expr","locations":[{"start":{"line":180,"column":8},"end":{"line":180,"column":24}},{"start":{"line":180,"column":28},"end":{"line":180,"column":40}}],"line":180},"11":{"loc":{"start":{"line":193,"column":4},"end":{"line":198,"column":5}},"type":"if","locations":[{"start":{"line":193,"column":4},"end":{"line":198,"column":5}},{"start":{},"end":{}}],"line":193}},"s":{"0":3,"1":3,"2":3,"3":32,"4":32,"5":32,"6":32,"7":1,"8":31,"9":31,"10":0,"11":31,"12":3,"13":3,"14":3,"15":3,"16":0,"17":3,"18":3,"19":1,"20":2,"21":2,"22":1,"23":1,"24":0,"25":1,"26":3,"27":0,"28":0,"29":0,"30":0,"31":3,"32":0,"33":0,"34":0,"35":0,"36":0,"37":0,"38":0,"39":0,"40":0,"41":0,"42":0,"43":0,"44":0,"45":0,"46":3,"47":0,"48":0,"49":0,"50":0,"51":0,"52":0,"53":0,"54":0,"55":0,"56":0,"57":0,"58":0,"59":0},"f":{"0":32,"1":3,"2":0,"3":0,"4":0},"b":{"0":[1,31],"1":[0,3],"2":[3,3],"3":[1,2],"4":[1,1],"5":[0,0],"6":[0,0],"7":[0,0],"8":[0,0],"9":[0,0],"10":[0,0],"11":[0,0]},"_coverageSchema":"1a1c01bbd47fc00a2c39e90264f33305004495a9","hash":"31a766b7d50110f8b13145ad3f460367207e623c"}
,"/home/lybace/Desktop/Projects/Internship/ECommerce-Store/backend/controllers/cartController.js": {"path":"/home/lybace/Desktop/Projects/Internship/ECommerce-Store/backend/controllers/cartController.js","statementMap":{"0":{"start":{"line":4,"column":13},"end":{"line":4,"column":38}},"1":{"start":{"line":5,"column":16},"end":{"line":5,"column":44}},"2":{"start":{"line":10,"column":0},"end":{"line":26,"column":2}},"3":{"start":{"line":11,"column":2},"end":{"line":25,"column":3}},"4":{"start":{"line":12,"column":15},"end":{"line":12,"column":82}},"5":{"start":{"line":15,"column":4},"end":{"line":17,"column":5}},"6":{"start":{"line":16,"column":6},"end":{"line":16,"column":65}},"7":{"start":{"line":19,"column":4},"end":{"line":22,"column":7}},"8":{"start":{"line":24,"column":4},"end":{"line":24,"column":16}},"9":{"start":{"line":30,"column":0},"end":{"line":100,"column":2}},"10":{"start":{"line":31,"column":2},"end":{"line":99,"column":3}},"11":{"start":{"line":32,"column":36},"end":{"line":32,"column":44}},"12":{"start":{"line":35,"column":4},"end":{"line":40,"column":5}},"13":{"start":{"line":36,"column":6},"end":{"line":39,"column":9}},"14":{"start":{"line":43,"column":20},"end":{"line":43,"column":53}},"15":{"start":{"line":44,"column":4},"end":{"line":49,"column":5}},"16":{"start":{"line":45,"column":6},"end":{"line":48,"column":9}},"17":{"start":{"line":51,"column":4},"end":{"line":56,"column":5}},"18":{"start":{"line":52,"column":6},"end":{"line":55,"column":9}},"19":{"start":{"line":59,"column":15},"end":{"line":59,"column":56}},"20":{"start":{"line":60,"column":4},"end":{"line":62,"column":5}},"21":{"start":{"line":61,"column":6},"end":{"line":61,"column":65}},"22":{"start":{"line":65,"column":22},"end":{"line":67,"column":5}},"23":{"start":{"line":66,"column":14},"end":{"line":66,"column":51}},"24":{"start":{"line":68,"column":6},"end":{"line":88,"column":5}},"25":{"start":{"line":70,"column":26},"end":{"line":70,"column":67}},"26":{"start":{"line":73,"column":6},"end":{"line":78,"column":7}},"27":{"start":{"line":74,"column":8},"end":{"line":77,"column":11}},"28":{"start":{"line":80,"column":6},"end":{"line":80,"column":51}},"29":{"start":{"line":83,"column":6},"end":{"line":87,"column":9}},"30":{"start":{"line":89,"column":3},"end":{"line":89,"column":21}},"31":{"start":{"line":90,"column":4},"end":{"line":90,"column":41}},"32":{"start":{"line":92,"column":4},"end":{"line":96,"column":7}},"33":{"start":{"line":98,"column":4},"end":{"line":98,"column":16}},"34":{"start":{"line":105,"column":0},"end":{"line":159,"column":2}},"35":{"start":{"line":106,"column":2},"end":{"line":158,"column":3}},"36":{"start":{"line":107,"column":36},"end":{"line":107,"column":44}},"37":{"start":{"line":109,"column":4},"end":{"line":114,"column":5}},"38":{"start":{"line":110,"column":6},"end":{"line":113,"column":9}},"39":{"start":{"line":116,"column":17},"end":{"line":116,"column":58}},"40":{"start":{"line":117,"column":4},"end":{"line":122,"column":5}},"41":{"start":{"line":118,"column":6},"end":{"line":121,"column":9}},"42":{"start":{"line":125,"column":22},"end":{"line":127,"column":5}},"43":{"start":{"line":126,"column":14},"end":{"line":126,"column":51}},"44":{"start":{"line":129,"column":4},"end":{"line":134,"column":5}},"45":{"start":{"line":130,"column":6},"end":{"line":133,"column":9}},"46":{"start":{"line":136,"column":20},"end":{"line":136,"column":53}},"47":{"start":{"line":137,"column":4},"end":{"line":142,"column":5}},"48":{"start":{"line":138,"column":6},"end":{"line":141,"column":9}},"49":{"start":{"line":145,"column":4},"end":{"line":145,"column":46}},"50":{"start":{"line":146,"column":4},"end":{"line":146,"column":48}},"51":{"start":{"line":148,"column":4},"end":{"line":148,"column":22}},"52":{"start":{"line":149,"column":4},"end":{"line":149,"column":41}},"53":{"start":{"line":151,"column":4},"end":{"line":155,"column":7}},"54":{"start":{"line":157,"column":4},"end":{"line":157,"column":16}},"55":{"start":{"line":163,"column":0},"end":{"line":190,"column":2}},"56":{"start":{"line":164,"column":2},"end":{"line":189,"column":3}},"57":{"start":{"line":165,"column":17},"end":{"line":165,"column":58}},"58":{"start":{"line":167,"column":4},"end":{"line":172,"column":5}},"59":{"start":{"line":168,"column":6},"end":{"line":171,"column":9}},"60":{"start":{"line":175,"column":4},"end":{"line":177,"column":6}},"61":{"start":{"line":176,"column":14},"end":{"line":176,"column":62}},"62":{"start":{"line":179,"column":4},"end":{"line":179,"column":22}},"63":{"start":{"line":180,"column":4},"end":{"line":180,"column":41}},"64":{"start":{"line":182,"column":4},"end":{"line":186,"column":7}},"65":{"start":{"line":188,"column":4},"end":{"line":188,"column":16}},"66":{"start":{"line":194,"column":0},"end":{"line":217,"column":2}},"67":{"start":{"line":195,"column":2},"end":{"line":216,"column":3}},"68":{"start":{"line":196,"column":17},"end":{"line":196,"column":58}},"69":{"start":{"line":198,"column":4},"end":{"line":203,"column":5}},"70":{"start":{"line":199,"column":6},"end":{"line":202,"column":9}},"71":{"start":{"line":205,"column":4},"end":{"line":205,"column":20}},"72":{"start":{"line":206,"column":4},"end":{"line":206,"column":24}},"73":{"start":{"line":207,"column":4},"end":{"line":207,"column":22}},"74":{"start":{"line":209,"column":4},"end":{"line":213,"column":7}},"75":{"start":{"line":215,"column":4},"end":{"line":215,"column":16}}},"fnMap":{"0":{"name":"(anonymous_0)","decl":{"start":{"line":10,"column":18},"end":{"line":10,"column":19}},"loc":{"start":{"line":10,"column":44},"end":{"line":26,"column":1}},"line":10},"1":{"name":"(anonymous_1)","decl":{"start":{"line":30,"column":20},"end":{"line":30,"column":21}},"loc":{"start":{"line":30,"column":46},"end":{"line":100,"column":1}},"line":30},"2":{"name":"(anonymous_2)","decl":{"start":{"line":66,"column":6},"end":{"line":66,"column":7}},"loc":{"start":{"line":66,"column":14},"end":{"line":66,"column":51}},"line":66},"3":{"name":"(anonymous_3)","decl":{"start":{"line":105,"column":25},"end":{"line":105,"column":26}},"loc":{"start":{"line":105,"column":51},"end":{"line":159,"column":1}},"line":105},"4":{"name":"(anonymous_4)","decl":{"start":{"line":126,"column":6},"end":{"line":126,"column":7}},"loc":{"start":{"line":126,"column":14},"end":{"line":126,"column":51}},"line":126},"5":{"name":"(anonymous_5)","decl":{"start":{"line":163,"column":25},"end":{"line":163,"column":26}},"loc":{"start":{"line":163,"column":51},"end":{"line":190,"column":1}},"line":163},"6":{"name":"(anonymous_6)","decl":{"start":{"line":176,"column":6},"end":{"line":176,"column":7}},"loc":{"start":{"line":176,"column":14},"end":{"line":176,"column":62}},"line":176},"7":{"name":"(anonymous_7)","decl":{"start":{"line":194,"column":20},"end":{"line":194,"column":21}},"loc":{"start":{"line":194,"column":46},"end":{"line":217,"column":1}},"line":194}},"branchMap":{"0":{"loc":{"start":{"line":15,"column":4},"end":{"line":17,"column":5}},"type":"if","locations":[{"start":{"line":15,"column":4},"end":{"line":17,"column":5}},{"start":{},"end":{}}],"line":15},"1":{"loc":{"start":{"line":35,"column":4},"end":{"line":40,"column":5}},"type":"if","locations":[{"start":{"line":35,"column":4},"end":{"line":40,"column":5}},{"start":{},"end":{}}],"line":35},"2":{"loc":{"start":{"line":35,"column":8},"end":{"line":35,"column":33}},"type":"binary-expr","locations":[{"start":{"line":35,"column":8},"end":{"line":35,"column":17}},{"start":{"line":35,"column":21},"end":{"line":35,"column":33}}],"line":35},"3":{"loc":{"start":{"line":44,"column":4},"end":{"line":49,"column":5}},"type":"if","locations":[{"start":{"line":44,"column":4},"end":{"line":49,"column":5}},{"start":{},"end":{}}],"line":44},"4":{"loc":{"start":{"line":51,"column":4},"end":{"line":56,"column":5}},"type":"if","locations":[{"start":{"line":51,"column":4},"end":{"line":56,"column":5}},{"start":{},"end":{}}],"line":51},"5":{"loc":{"start":{"line":60,"column":4},"end":{"line":62,"column":5}},"type":"if","locations":[{"start":{"line":60,"column":4},"end":{"line":62,"column":5}},{"start":{},"end":{}}],"line":60},"6":{"loc":{"start":{"line":68,"column":6},"end":{"line":88,"column":5}},"type":"if","locations":[{"start":{"line":68,"column":6},"end":{"line":88,"column":5}},{"start":{"line":81,"column":11},"end":{"line":88,"column":5}}],"line":68},"7":{"loc":{"start":{"line":73,"column":6},"end":{"line":78,"column":7}},"type":"if","locations":[{"start":{"line":73,"column":6},"end":{"line":78,"column":7}},{"start":{},"end":{}}],"line":73},"8":{"loc":{"start":{"line":109,"column":4},"end":{"line":114,"column":5}},"type":"if","locations":[{"start":{"line":109,"column":4},"end":{"line":114,"column":5}},{"start":{},"end":{}}],"line":109},"9":{"loc":{"start":{"line":109,"column":8},"end":{"line":109,"column":33}},"type":"binary-expr","locations":[{"start":{"line":109,"column":8},"end":{"line":109,"column":17}},{"start":{"line":109,"column":21},"end":{"line":109,"column":33}}],"line":109},"10":{"loc":{"start":{"line":117,"column":4},"end":{"line":122,"column":5}},"type":"if","locations":[{"start":{"line":117,"column":4},"end":{"line":122,"column":5}},{"start":{},"end":{}}],"line":117},"11":{"loc":{"start":{"line":129,"column":4},"end":{"line":134,"column":5}},"type":"if","locations":[{"start":{"line":129,"column":4},"end":{"line":134,"column":5}},{"start":{},"end":{}}],"line":129},"12":{"loc":{"start":{"line":137,"column":4},"end":{"line":142,"column":5}},"type":"if","locations":[{"start":{"line":137,"column":4},"end":{"line":142,"column":5}},{"start":{},"end":{}}],"line":137},"13":{"loc":{"start":{"line":167,"column":4},"end":{"line":172,"column":5}},"type":"if","locations":[{"start":{"line":167,"column":4},"end":{"line":172,"column":5}},{"start":{},"end":{}}],"line":167},"14":{"loc":{"start":{"line":198,"column":4},"end":{"line":203,"column":5}},"type":"if","locations":[{"start":{"line":198,"column":4},"end":{"line":203,"column":5}},{"start":{},"end":{}}],"line":198}},"s":{"0":1,"1":1,"2":1,"3":0,"4":0,"5":0,"6":0,"7":0,"8":0,"9":1,"10":0,"11":0,"12":0,"13":0,"14":0,"15":0,"16":0,"17":0,"18":0,"19":0,"20":0,"21":0,"22":0,"23":0,"24":0,"25":0,"26":0,"27":0,"28":0,"29":0,"30":0,"31":0,"32":0,"33":0,"34":1,"35":0,"36":0,"37":0,"38":0,"39":0,"40":0,"41":0,"42":0,"43":0,"44":0,"45":0,"46":0,"47":0,"48":0,"49":0,"50":0,"51":0,"52":0,"53":0,"54":0,"55":1,"56":0,"57":0,"58":0,"59":0,"60":0,"61":0,"62":0,"63":0,"64":0,"65":0,"66":1,"67":0,"68":0,"69":0,"70":0,"71":0,"72":0,"73":0,"74":0,"75":0},"f":{"0":0,"1":0,"2":0,"3":0,"4":0,"5":0,"6":0,"7":0},"b":{"0":[0,0],"1":[0,0],"2":[0,0],"3":[0,0],"4":[0,0],"5":[0,0],"6":[0,0],"7":[0,0],"8":[0,0],"9":[0,0],"10":[0,0],"11":[0,0],"12":[0,0],"13":[0,0],"14":[0,0]},"_coverageSchema":"1a1c01bbd47fc00a2c39e90264f33305004495a9","hash":"5d21f6d0ef874fcc6aad94a307469401182b3a72"}
,"/home/lybace/Desktop/Projects/Internship/ECommerce-Store/backend/controllers/productController.js": {"path":"/home/lybace/Desktop/Projects/Internship/ECommerce-Store/backend/controllers/productController.js","statementMap":{"0":{"start":{"line":4,"column":16},"end":{"line":4,"column":44}},"1":{"start":{"line":9,"column":0},"end":{"line":115,"column":2}},"2":{"start":{"line":10,"column":2},"end":{"line":114,"column":3}},"3":{"start":{"line":11,"column":17},"end":{"line":11,"column":46}},"4":{"start":{"line":12,"column":18},"end":{"line":12,"column":49}},"5":{"start":{"line":13,"column":17},"end":{"line":13,"column":35}},"6":{"start":{"line":16,"column":16},"end":{"line":16,"column":18}},"7":{"start":{"line":19,"column":4},"end":{"line":21,"column":5}},"8":{"start":{"line":20,"column":6},"end":{"line":20,"column":50}},"9":{"start":{"line":24,"column":4},"end":{"line":26,"column":5}},"10":{"start":{"line":25,"column":6},"end":{"line":25,"column":42}},"11":{"start":{"line":28,"column":4},"end":{"line":30,"column":5}},"12":{"start":{"line":29,"column":6},"end":{"line":29,"column":48}},"13":{"start":{"line":33,"column":4},"end":{"line":35,"column":5}},"14":{"start":{"line":34,"column":6},"end":{"line":34,"column":36}},"15":{"start":{"line":38,"column":4},"end":{"line":46,"column":5}},"16":{"start":{"line":39,"column":6},"end":{"line":39,"column":23}},"17":{"start":{"line":40,"column":6},"end":{"line":42,"column":7}},"18":{"start":{"line":41,"column":8},"end":{"line":41,"column":58}},"19":{"start":{"line":43,"column":6},"end":{"line":45,"column":7}},"20":{"start":{"line":44,"column":8},"end":{"line":44,"column":58}},"21":{"start":{"line":49,"column":4},"end":{"line":51,"column":5}},"22":{"start":{"line":50,"column":6},"end":{"line":50,"column":63}},"23":{"start":{"line":53,"column":4},"end":{"line":55,"column":5}},"24":{"start":{"line":54,"column":6},"end":{"line":54,"column":28}},"25":{"start":{"line":58,"column":4},"end":{"line":60,"column":5}},"26":{"start":{"line":59,"column":6},"end":{"line":59,"column":31}},"27":{"start":{"line":63,"column":15},"end":{"line":63,"column":17}},"28":{"start":{"line":64,"column":4},"end":{"line":86,"column":5}},"29":{"start":{"line":65,"column":6},"end":{"line":83,"column":7}},"30":{"start":{"line":67,"column":10},"end":{"line":67,"column":25}},"31":{"start":{"line":68,"column":10},"end":{"line":68,"column":16}},"32":{"start":{"line":70,"column":10},"end":{"line":70,"column":26}},"33":{"start":{"line":71,"column":10},"end":{"line":71,"column":16}},"34":{"start":{"line":73,"column":10},"end":{"line":73,"column":27}},"35":{"start":{"line":74,"column":10},"end":{"line":74,"column":16}},"36":{"start":{"line":76,"column":10},"end":{"line":76,"column":30}},"37":{"start":{"line":77,"column":10},"end":{"line":77,"column":16}},"38":{"start":{"line":79,"column":12},"end":{"line":79,"column":33}},"39":{"start":{"line":80,"column":10},"end":{"line":80,"column":16}},"40":{"start":{"line":82,"column":10},"end":{"line":82,"column":30}},"41":{"start":{"line":85,"column":6},"end":{"line":85,"column":26}},"42":{"start":{"line":89,"column":21},"end":{"line":93,"column":13}},"43":{"start":{"line":96,"column":26},"end":{"line":96,"column":61}},"44":{"start":{"line":97,"column":23},"end":{"line":97,"column":55}},"45":{"start":{"line":99,"column":4},"end":{"line":111,"column":7}},"46":{"start":{"line":113,"column":4},"end":{"line":113,"column":16}},"47":{"start":{"line":120,"column":0},"end":{"line":138,"column":2}},"48":{"start":{"line":121,"column":2},"end":{"line":137,"column":3}},"49":{"start":{"line":122,"column":20},"end":{"line":122,"column":57}},"50":{"start":{"line":124,"column":4},"end":{"line":129,"column":5}},"51":{"start":{"line":125,"column":6},"end":{"line":128,"column":9}},"52":{"start":{"line":131,"column":4},"end":{"line":134,"column":7}},"53":{"start":{"line":136,"column":4},"end":{"line":136,"column":16}},"54":{"start":{"line":142,"column":0},"end":{"line":177,"column":2}},"55":{"start":{"line":143,"column":2},"end":{"line":176,"column":3}},"56":{"start":{"line":155,"column":8},"end":{"line":155,"column":16}},"57":{"start":{"line":156,"column":20},"end":{"line":167,"column":6}},"58":{"start":{"line":169,"column":4},"end":{"line":173,"column":7}},"59":{"start":{"line":175,"column":4},"end":{"line":175,"column":16}},"60":{"start":{"line":182,"column":0},"end":{"line":211,"column":2}},"61":{"start":{"line":183,"column":2},"end":{"line":210,"column":3}},"62":{"start":{"line":184,"column":18},"end":{"line":184,"column":55}},"63":{"start":{"line":186,"column":4},"end":{"line":191,"column":5}},"64":{"start":{"line":187,"column":6},"end":{"line":190,"column":9}},"65":{"start":{"line":194,"column":4},"end":{"line":201,"column":6}},"66":{"start":{"line":203,"column":4},"end":{"line":207,"column":7}},"67":{"start":{"line":209,"column":4},"end":{"line":209,"column":16}},"68":{"start":{"line":215,"column":0},"end":{"line":236,"column":2}},"69":{"start":{"line":216,"column":2},"end":{"line":235,"column":3}},"70":{"start":{"line":217,"column":20},"end":{"line":217,"column":57}},"71":{"start":{"line":219,"column":4},"end":{"line":224,"column":5}},"72":{"start":{"line":220,"column":6},"end":{"line":223,"column":9}},"73":{"start":{"line":226,"column":4},"end":{"line":226,"column":30}},"74":{"start":{"line":228,"column":4},"end":{"line":232,"column":7}},"75":{"start":{"line":234,"column":4},"end":{"line":234,"column":16}},"76":{"start":{"line":240,"column":0},"end":{"line":251,"column":2}},"77":{"start":{"line":241,"column":2},"end":{"line":250,"column":3}},"78":{"start":{"line":242,"column":23},"end":{"line":242,"column":57}},"79":{"start":{"line":244,"column":4},"end":{"line":247,"column":7}},"80":{"start":{"line":249,"column":4},"end":{"line":249,"column":16}},"81":{"start":{"line":255,"column":0},"end":{"line":266,"column":2}},"82":{"start":{"line":256,"column":2},"end":{"line":265,"column":3}},"83":{"start":{"line":257,"column":19},"end":{"line":257,"column":50}},"84":{"start":{"line":259,"column":4},"end":{"line":262,"column":7}},"85":{"start":{"line":264,"column":4},"end":{"line":264,"column":16}},"86":{"start":{"line":270,"column":0},"end":{"line":287,"column":2}},"87":{"start":{"line":271,"column":2},"end":{"line":286,"column":3}},"88":{"start":{"line":272,"column":18},"end":{"line":272,"column":48}},"89":{"start":{"line":274,"column":21},"end":{"line":277,"column":13}},"90":{"start":{"line":279,"column":4},"end":{"line":283,"column":7}},"91":{"start":{"line":285,"column":4},"end":{"line":285,"column":16}},"92":{"start":{"line":291,"column":0},"end":{"line":320,"column":2}},"93":{"start":{"line":292,"column":2},"end":{"line":319,"column":3}},"94":{"start":{"line":293,"column":20},"end":{"line":293,"column":57}},"95":{"start":{"line":295,"column":4},"end":{"line":300,"column":5}},"96":{"start":{"line":296,"column":6},"end":{"line":299,"column":9}},"97":{"start":{"line":302,"column":18},"end":{"line":302,"column":48}},"98":{"start":{"line":305,"column":28},"end":{"line":311,"column":13}},"99":{"start":{"line":312,"column":4},"end":{"line":316,"column":7}},"100":{"start":{"line":318,"column":4},"end":{"line":318,"column":16}}},"fnMap":{"0":{"name":"(anonymous_0)","decl":{"start":{"line":9,"column":22},"end":{"line":9,"column":23}},"loc":{"start":{"line":9,"column":48},"end":{"line":115,"column":1}},"line":9},"1":{"name":"(anonymous_1)","decl":{"start":{"line":120,"column":25},"end":{"line":120,"column":26}},"loc":{"start":{"line":120,"column":51},"end":{"line":138,"column":1}},"line":120},"2":{"name":"(anonymous_2)","decl":{"start":{"line":142,"column":24},"end":{"line":142,"column":25}},"loc":{"start":{"line":142,"column":50},"end":{"line":177,"column":1}},"line":142},"3":{"name":"(anonymous_3)","decl":{"start":{"line":182,"column":24},"end":{"line":182,"column":25}},"loc":{"start":{"line":182,"column":50},"end":{"line":211,"column":1}},"line":182},"4":{"name":"(anonymous_4)","decl":{"start":{"line":215,"column":24},"end":{"line":215,"column":25}},"loc":{"start":{"line":215,"column":50},"end":{"line":236,"column":1}},"line":215},"5":{"name":"(anonymous_5)","decl":{"start":{"line":240,"column":24},"end":{"line":240,"column":25}},"loc":{"start":{"line":240,"column":50},"end":{"line":251,"column":1}},"line":240},"6":{"name":"(anonymous_6)","decl":{"start":{"line":255,"column":20},"end":{"line":255,"column":21}},"loc":{"start":{"line":255,"column":46},"end":{"line":266,"column":1}},"line":255},"7":{"name":"(anonymous_7)","decl":{"start":{"line":270,"column":30},"end":{"line":270,"column":31}},"loc":{"start":{"line":270,"column":56},"end":{"line":287,"column":1}},"line":270},"8":{"name":"(anonymous_8)","decl":{"start":{"line":291,"column":29},"end":{"line":291,"column":30}},"loc":{"start":{"line":291,"column":55},"end":{"line":320,"column":1}},"line":291}},"branchMap":{"0":{"loc":{"start":{"line":11,"column":17},"end":{"line":11,"column":46}},"type":"binary-expr","locations":[{"start":{"line":11,"column":17},"end":{"line":11,"column":41}},{"start":{"line":11,"column":45},"end":{"line":11,"column":46}}],"line":11},"1":{"loc":{"start":{"line":12,"column":18},"end":{"line":12,"column":49}},"type":"binary-expr","locations":[{"start":{"line":12,"column":18},"end":{"line":12,"column":43}},{"start":{"line":12,"column":47},"end":{"line":12,"column":49}}],"line":12},"2":{"loc":{"start":{"line":19,"column":4},"end":{"line":21,"column":5}},"type":"if","locations":[{"start":{"line":19,"column":4},"end":{"line":21,"column":5}},{"start":{},"end":{}}],"line":19},"3":{"loc":{"start":{"line":24,"column":4},"end":{"line":26,"column":5}},"type":"if","locations":[{"start":{"line":24,"column":4},"end":{"line":26,"column":5}},{"start":{},"end":{}}],"line":24},"4":{"loc":{"start":{"line":28,"column":4},"end":{"line":30,"column":5}},"type":"if","locations":[{"start":{"line":28,"column":4},"end":{"line":30,"column":5}},{"start":{},"end":{}}],"line":28},"5":{"loc":{"start":{"line":33,"column":4},"end":{"line":35,"column":5}},"type":"if","locations":[{"start":{"line":33,"column":4},"end":{"line":35,"column":5}},{"start":{},"end":{}}],"line":33},"6":{"loc":{"start":{"line":38,"column":4},"end":{"line":46,"column":5}},"type":"if","locations":[{"start":{"line":38,"column":4},"end":{"line":46,"column":5}},{"start":{},"end":{}}],"line":38},"7":{"loc":{"start":{"line":38,"column":8},"end":{"line":38,"column":48}},"type":"binary-expr","locations":[{"start":{"line":38,"column":8},"end":{"line":38,"column":26}},{"start":{"line":38,"column":30},"end":{"line":38,"column":48}}],"line":38},"8":{"loc":{"start":{"line":40,"column":6},"end":{"line":42,"column":7}},"type":"if","locations":[{"start":{"line":40,"column":6},"end":{"line":42,"column":7}},{"start":{},"end":{}}],"line":40},"9":{"loc":{"start":{"line":43,"column":6},"end":{"line":45,"column":7}},"type":"if","locations":[{"start":{"line":43,"column":6},"end":{"line":45,"column":7}},{"start":{},"end":{}}],"line":43},"10":{"loc":{"start":{"line":49,"column":4},"end":{"line":51,"column":5}},"type":"if","locations":[{"start":{"line":49,"column":4},"end":{"line":51,"column":5}},{"start":{},"end":{}}],"line":49},"11":{"loc":{"start":{"line":53,"column":4},"end":{"line":55,"column":5}},"type":"if","locations":[{"start":{"line":53,"column":4},"end":{"line":55,"column":5}},{"start":{},"end":{}}],"line":53},"12":{"loc":{"start":{"line":58,"column":4},"end":{"line":60,"column":5}},"type":"if","locations":[{"start":{"line":58,"column":4},"end":{"line":60,"column":5}},{"start":{},"end":{}}],"line":58},"13":{"loc":{"start":{"line":64,"column":4},"end":{"line":86,"column":5}},"type":"if","locations":[{"start":{"line":64,"column":4},"end":{"line":86,"column":5}},{"start":{"line":84,"column":11},"end":{"line":86,"column":5}}],"line":64},"14":{"loc":{"start":{"line":65,"column":6},"end":{"line":83,"column":7}},"type":"switch","locations":[{"start":{"line":66,"column":8},"end":{"line":68,"column":16}},{"start":{"line":69,"column":8},"end":{"line":71,"column":16}},{"start":{"line":72,"column":8},"end":{"line":74,"column":16}},{"start":{"line":75,"column":8},"end":{"line":77,"column":16}},{"start":{"line":78,"column":8},"end":{"line":80,"column":16}},{"start":{"line":81,"column":8},"end":{"line":82,"column":30}}],"line":65},"15":{"loc":{"start":{"line":124,"column":4},"end":{"line":129,"column":5}},"type":"if","locations":[{"start":{"line":124,"column":4},"end":{"line":129,"column":5}},{"start":{},"end":{}}],"line":124},"16":{"loc":{"start":{"line":164,"column":14},"end":{"line":164,"column":26}},"type":"binary-expr","locations":[{"start":{"line":164,"column":14},"end":{"line":164,"column":20}},{"start":{"line":164,"column":24},"end":{"line":164,"column":26}}],"line":164},"17":{"loc":{"start":{"line":165,"column":12},"end":{"line":165,"column":22}},"type":"binary-expr","locations":[{"start":{"line":165,"column":12},"end":{"line":165,"column":16}},{"start":{"line":165,"column":20},"end":{"line":165,"column":22}}],"line":165},"18":{"loc":{"start":{"line":166,"column":16},"end":{"line":166,"column":33}},"type":"binary-expr","locations":[{"start":{"line":166,"column":16},"end":{"line":166,"column":24}},{"start":{"line":166,"column":28},"end":{"line":166,"column":33}}],"line":166},"19":{"loc":{"start":{"line":186,"column":4},"end":{"line":191,"column":5}},"type":"if","locations":[{"start":{"line":186,"column":4},"end":{"line":191,"column":5}},{"start":{},"end":{}}],"line":186},"20":{"loc":{"start":{"line":219,"column":4},"end":{"line":224,"column":5}},"type":"if","locations":[{"start":{"line":219,"column":4},"end":{"line":224,"column":5}},{"start":{},"end":{}}],"line":219},"21":{"loc":{"start":{"line":272,"column":18},"end":{"line":272,"column":48}},"type":"binary-expr","locations":[{"start":{"line":272,"column":18},"end":{"line":272,"column":43}},{"start":{"line":272,"column":47},"end":{"line":272,"column":48}}],"line":272},"22":{"loc":{"start":{"line":295,"column":4},"end":{"line":300,"column":5}},"type":"if","locations":[{"start":{"line":295,"column":4},"end":{"line":300,"column":5}},{"start":{},"end":{}}],"line":295},"23":{"loc":{"start":{"line":302,"column":18},"end":{"line":302,"column":48}},"type":"binary-expr","locations":[{"start":{"line":302,"column":18},"end":{"line":302,"column":43}},{"start":{"line":302,"column":47},"end":{"line":302,"column":48}}],"line":302}},"s":{"0":1,"1":1,"2":0,"3":0,"4":0,"5":0,"6":0,"7":0,"8":0,"9":0,"10":0,"11":0,"12":0,"13":0,"14":0,"15":0,"16":0,"17":0,"18":0,"19":0,"20":0,"21":0,"22":0,"23":0,"24":0,"25":0,"26":0,"27":0,"28":0,"29":0,"30":0,"31":0,"32":0,"33":0,"34":0,"35":0,"36":0,"37":0,"38":0,"39":0,"40":0,"41":0,"42":0,"43":0,"44":0,"45":0,"46":0,"47":1,"48":0,"49":0,"50":0,"51":0,"52":0,"53":0,"54":1,"55":0,"56":0,"57":0,"58":0,"59":0,"60":1,"61":0,"62":0,"63":0,"64":0,"65":0,"66":0,"67":0,"68":1,"69":0,"70":0,"71":0,"72":0,"73":0,"74":0,"75":0,"76":1,"77":0,"78":0,"79":0,"80":0,"81":1,"82":0,"83":0,"84":0,"85":0,"86":1,"87":0,"88":0,"89":0,"90":0,"91":0,"92":1,"93":0,"94":0,"95":0,"96":0,"97":0,"98":0,"99":0,"100":0},"f":{"0":0,"1":0,"2":0,"3":0,"4":0,"5":0,"6":0,"7":0,"8":0},"b":{"0":[0,0],"1":[0,0],"2":[0,0],"3":[0,0],"4":[0,0],"5":[0,0],"6":[0,0],"7":[0,0],"8":[0,0],"9":[0,0],"10":[0,0],"11":[0,0],"12":[0,0],"13":[0,0],"14":[0,0,0,0,0,0],"15":[0,0],"16":[0,0],"17":[0,0],"18":[0,0],"19":[0,0],"20":[0,0],"21":[0,0],"22":[0,0],"23":[0,0]},"_coverageSchema":"1a1c01bbd47fc00a2c39e90264f33305004495a9","hash":"ad570a3600ac1372f049e0584dc15a3344b1c0f5"}
,"/home/lybace/Desktop/Projects/Internship/ECommerce-Store/backend/middleware/adminAuth.js": {"path":"/home/lybace/Desktop/Projects/Internship/ECommerce-Store/backend/middleware/adminAuth.js","statementMap":{"0":{"start":{"line":6,"column":0},"end":{"line":15,"column":2}},"1":{"start":{"line":7,"column":2},"end":{"line":14,"column":3}},"2":{"start":{"line":8,"column":4},"end":{"line":8,"column":11}},"3":{"start":{"line":10,"column":4},"end":{"line":13,"column":7}}},"fnMap":{"0":{"name":"(anonymous_0)","decl":{"start":{"line":6,"column":16},"end":{"line":6,"column":17}},"loc":{"start":{"line":6,"column":36},"end":{"line":15,"column":1}},"line":6}},"branchMap":{"0":{"loc":{"start":{"line":7,"column":2},"end":{"line":14,"column":3}},"type":"if","locations":[{"start":{"line":7,"column":2},"end":{"line":14,"column":3}},{"start":{"line":9,"column":9},"end":{"line":14,"column":3}}],"line":7},"1":{"loc":{"start":{"line":7,"column":6},"end":{"line":7,"column":43}},"type":"binary-expr","locations":[{"start":{"line":7,"column":6},"end":{"line":7,"column":14}},{"start":{"line":7,"column":18},"end":{"line":7,"column":43}}],"line":7}},"s":{"0":1,"1":0,"2":0,"3":0},"f":{"0":0},"b":{"0":[0,0],"1":[0,0]},"_coverageSchema":"1a1c01bbd47fc00a2c39e90264f33305004495a9","hash":"441e8ae3dfeeceb6d2f45a8da459c48b51050481"}
,"/home/lybace/Desktop/Projects/Internship/ECommerce-Store/backend/middleware/auth.js": {"path":"/home/lybace/Desktop/Projects/Internship/ECommerce-Store/backend/middleware/auth.js","statementMap":{"0":{"start":{"line":1,"column":12},"end":{"line":1,"column":35}},"1":{"start":{"line":2,"column":13},"end":{"line":2,"column":38}},"2":{"start":{"line":4,"column":0},"end":{"line":36,"column":2}},"3":{"start":{"line":5,"column":2},"end":{"line":35,"column":3}},"4":{"start":{"line":8,"column":4},"end":{"line":10,"column":5}},"5":{"start":{"line":9,"column":6},"end":{"line":9,"column":54}},"6":{"start":{"line":12,"column":4},"end":{"line":17,"column":5}},"7":{"start":{"line":13,"column":6},"end":{"line":16,"column":9}},"8":{"start":{"line":19,"column":20},"end":{"line":19,"column":61}},"9":{"start":{"line":20,"column":4},"end":{"line":20,"column":47}},"10":{"start":{"line":22,"column":4},"end":{"line":27,"column":5}},"11":{"start":{"line":23,"column":6},"end":{"line":26,"column":9}},"12":{"start":{"line":29,"column":4},"end":{"line":29,"column":11}},"13":{"start":{"line":31,"column":4},"end":{"line":34,"column":7}}},"fnMap":{"0":{"name":"(anonymous_0)","decl":{"start":{"line":4,"column":18},"end":{"line":4,"column":19}},"loc":{"start":{"line":4,"column":44},"end":{"line":36,"column":1}},"line":4}},"branchMap":{"0":{"loc":{"start":{"line":8,"column":4},"end":{"line":10,"column":5}},"type":"if","locations":[{"start":{"line":8,"column":4},"end":{"line":10,"column":5}},{"start":{},"end":{}}],"line":8},"1":{"loc":{"start":{"line":8,"column":8},"end":{"line":8,"column":83}},"type":"binary-expr","locations":[{"start":{"line":8,"column":8},"end":{"line":8,"column":33}},{"start":{"line":8,"column":37},"end":{"line":8,"column":83}}],"line":8},"2":{"loc":{"start":{"line":12,"column":4},"end":{"line":17,"column":5}},"type":"if","locations":[{"start":{"line":12,"column":4},"end":{"line":17,"column":5}},{"start":{},"end":{}}],"line":12},"3":{"loc":{"start":{"line":22,"column":4},"end":{"line":27,"column":5}},"type":"if","locations":[{"start":{"line":22,"column":4},"end":{"line":27,"column":5}},{"start":{},"end":{}}],"line":22}},"s":{"0":3,"1":3,"2":3,"3":0,"4":0,"5":0,"6":0,"7":0,"8":0,"9":0,"10":0,"11":0,"12":0,"13":0},"f":{"0":0},"b":{"0":[0,0],"1":[0,0],"2":[0,0],"3":[0,0]},"_coverageSchema":"1a1c01bbd47fc00a2c39e90264f33305004495a9","hash":"2e345899d7ec80aeb67ca030e46656cfe328bd8e"}
,"/home/lybace/Desktop/Projects/Internship/ECommerce-Store/backend/middleware/errorHandler.js": {"path":"/home/lybace/Desktop/Projects/Internship/ECommerce-Store/backend/middleware/errorHandler.js","statementMap":{"0":{"start":{"line":6,"column":0},"end":{"line":47,"column":2}},"1":{"start":{"line":7,"column":14},"end":{"line":7,"column":24}},"2":{"start":{"line":8,"column":2},"end":{"line":8,"column":30}},"3":{"start":{"line":11,"column":2},"end":{"line":11,"column":21}},"4":{"start":{"line":14,"column":2},"end":{"line":17,"column":3}},"5":{"start":{"line":15,"column":20},"end":{"line":15,"column":40}},"6":{"start":{"line":16,"column":4},"end":{"line":16,"column":41}},"7":{"start":{"line":20,"column":2},"end":{"line":24,"column":3}},"8":{"start":{"line":21,"column":18},"end":{"line":21,"column":46}},"9":{"start":{"line":22,"column":20},"end":{"line":22,"column":86}},"10":{"start":{"line":23,"column":4},"end":{"line":23,"column":41}},"11":{"start":{"line":27,"column":2},"end":{"line":30,"column":3}},"12":{"start":{"line":28,"column":20},"end":{"line":28,"column":80}},"13":{"start":{"line":28,"column":57},"end":{"line":28,"column":68}},"14":{"start":{"line":29,"column":4},"end":{"line":29,"column":41}},"15":{"start":{"line":32,"column":2},"end":{"line":35,"column":3}},"16":{"start":{"line":33,"column":20},"end":{"line":33,"column":35}},"17":{"start":{"line":34,"column":4},"end":{"line":34,"column":41}},"18":{"start":{"line":37,"column":2},"end":{"line":40,"column":3}},"19":{"start":{"line":38,"column":20},"end":{"line":38,"column":35}},"20":{"start":{"line":39,"column":4},"end":{"line":39,"column":41}},"21":{"start":{"line":42,"column":2},"end":{"line":46,"column":5}}},"fnMap":{"0":{"name":"(anonymous_0)","decl":{"start":{"line":6,"column":23},"end":{"line":6,"column":24}},"loc":{"start":{"line":6,"column":48},"end":{"line":47,"column":1}},"line":6},"1":{"name":"(anonymous_1)","decl":{"start":{"line":28,"column":50},"end":{"line":28,"column":51}},"loc":{"start":{"line":28,"column":57},"end":{"line":28,"column":68}},"line":28}},"branchMap":{"0":{"loc":{"start":{"line":14,"column":2},"end":{"line":17,"column":3}},"type":"if","locations":[{"start":{"line":14,"column":2},"end":{"line":17,"column":3}},{"start":{},"end":{}}],"line":14},"1":{"loc":{"start":{"line":20,"column":2},"end":{"line":24,"column":3}},"type":"if","locations":[{"start":{"line":20,"column":2},"end":{"line":24,"column":3}},{"start":{},"end":{}}],"line":20},"2":{"loc":{"start":{"line":27,"column":2},"end":{"line":30,"column":3}},"type":"if","locations":[{"start":{"line":27,"column":2},"end":{"line":30,"column":3}},{"start":{},"end":{}}],"line":27},"3":{"loc":{"start":{"line":32,"column":2},"end":{"line":35,"column":3}},"type":"if","locations":[{"start":{"line":32,"column":2},"end":{"line":35,"column":3}},{"start":{},"end":{}}],"line":32},"4":{"loc":{"start":{"line":37,"column":2},"end":{"line":40,"column":3}},"type":"if","locations":[{"start":{"line":37,"column":2},"end":{"line":40,"column":3}},{"start":{},"end":{}}],"line":37},"5":{"loc":{"start":{"line":42,"column":13},"end":{"line":42,"column":36}},"type":"binary-expr","locations":[{"start":{"line":42,"column":13},"end":{"line":42,"column":29}},{"start":{"line":42,"column":33},"end":{"line":42,"column":36}}],"line":42},"6":{"loc":{"start":{"line":44,"column":13},"end":{"line":44,"column":44}},"type":"binary-expr","locations":[{"start":{"line":44,"column":13},"end":{"line":44,"column":26}},{"start":{"line":44,"column":30},"end":{"line":44,"column":44}}],"line":44},"7":{"loc":{"start":{"line":45,"column":8},"end":{"line":45,"column":70}},"type":"binary-expr","locations":[{"start":{"line":45,"column":8},"end":{"line":45,"column":46}},{"start":{"line":45,"column":50},"end":{"line":45,"column":70}}],"line":45}},"s":{"0":3,"1":32,"2":32,"3":32,"4":32,"5":0,"6":0,"7":32,"8":0,"9":0,"10":0,"11":32,"12":0,"13":0,"14":0,"15":32,"16":0,"17":0,"18":32,"19":0,"20":0,"21":32},"f":{"0":32,"1":0},"b":{"0":[0,32],"1":[0,32],"2":[0,32],"3":[0,32],"4":[0,32],"5":[32,32],"6":[32,0],"7":[32,0]},"_coverageSchema":"1a1c01bbd47fc00a2c39e90264f33305004495a9","hash":"475d4eb172a1cd5ee312f908456eb6b9fefce209"}
,"/home/lybace/Desktop/Projects/Internship/ECommerce-Store/backend/middleware/validateRequest.js": {"path":"/home/lybace/Desktop/Projects/Internship/ECommerce-Store/backend/middleware/validateRequest.js","statementMap":{"0":{"start":{"line":4,"column":29},"end":{"line":4,"column":57}},"1":{"start":{"line":7,"column":0},"end":{"line":22,"column":2}},"2":{"start":{"line":8,"column":17},"end":{"line":8,"column":38}},"3":{"start":{"line":10,"column":2},"end":{"line":19,"column":3}},"4":{"start":{"line":11,"column":4},"end":{"line":18,"column":7}},"5":{"start":{"line":14,"column":41},"end":{"line":17,"column":7}},"6":{"start":{"line":21,"column":2},"end":{"line":21,"column":9}}},"fnMap":{"0":{"name":"(anonymous_0)","decl":{"start":{"line":7,"column":19},"end":{"line":7,"column":20}},"loc":{"start":{"line":7,"column":39},"end":{"line":22,"column":1}},"line":7},"1":{"name":"(anonymous_1)","decl":{"start":{"line":14,"column":33},"end":{"line":14,"column":34}},"loc":{"start":{"line":14,"column":41},"end":{"line":17,"column":7}},"line":14}},"branchMap":{"0":{"loc":{"start":{"line":10,"column":2},"end":{"line":19,"column":3}},"type":"if","locations":[{"start":{"line":10,"column":2},"end":{"line":19,"column":3}},{"start":{},"end":{}}],"line":10}},"s":{"0":3,"1":3,"2":39,"3":39,"4":4,"5":8,"6":35},"f":{"0":39,"1":8},"b":{"0":[4,35]},"_coverageSchema":"1a1c01bbd47fc00a2c39e90264f33305004495a9","hash":"ce8f7d8b98fba7063143ac91822b1cfe8958943e"}
,"/home/lybace/Desktop/Projects/Internship/ECommerce-Store/backend/models/Cart.js": {"path":"/home/lybace/Desktop/Projects/Internship/ECommerce-Store/backend/models/Cart.js","statementMap":{"0":{"start":{"line":4,"column":17},"end":{"line":4,"column":36}},"1":{"start":{"line":6,"column":23},"end":{"line":22,"column":2}},"2":{"start":{"line":24,"column":19},"end":{"line":38,"column":2}},"3":{"start":{"line":41,"column":0},"end":{"line":45,"column":3}},"4":{"start":{"line":42,"column":2},"end":{"line":44,"column":8}},"5":{"start":{"line":43,"column":4},"end":{"line":43,"column":48}},"6":{"start":{"line":46,"column":0},"end":{"line":46,"column":52}}},"fnMap":{"0":{"name":"(anonymous_0)","decl":{"start":{"line":41,"column":23},"end":{"line":41,"column":24}},"loc":{"start":{"line":41,"column":34},"end":{"line":45,"column":1}},"line":41},"1":{"name":"(anonymous_1)","decl":{"start":{"line":42,"column":38},"end":{"line":42,"column":39}},"loc":{"start":{"line":42,"column":55},"end":{"line":44,"column":3}},"line":42}},"branchMap":{},"s":{"0":1,"1":1,"2":1,"3":1,"4":0,"5":0,"6":1},"f":{"0":0,"1":0},"b":{},"_coverageSchema":"1a1c01bbd47fc00a2c39e90264f33305004495a9","hash":"f9a7e66c34ec5c862c9140ae2cf05d125dd9325f"}
,"/home/lybace/Desktop/Projects/Internship/ECommerce-Store/backend/models/Product.js": {"path":"/home/lybace/Desktop/Projects/Internship/ECommerce-Store/backend/models/Product.js","statementMap":{"0":{"start":{"line":4,"column":17},"end":{"line":4,"column":36}},"1":{"start":{"line":6,"column":22},"end":{"line":63,"column":2}},"2":{"start":{"line":66,"column":0},"end":{"line":66,"column":73}},"3":{"start":{"line":68,"column":0},"end":{"line":68,"column":58}}},"fnMap":{},"branchMap":{},"s":{"0":2,"1":2,"2":2,"3":2},"f":{},"b":{},"_coverageSchema":"1a1c01bbd47fc00a2c39e90264f33305004495a9","hash":"6e6db2aaabb894d96dbd5bfd444212be41f90f3c"}
,"/home/lybace/Desktop/Projects/Internship/ECommerce-Store/backend/models/User.js": {"path":"/home/lybace/Desktop/Projects/Internship/ECommerce-Store/backend/models/User.js","statementMap":{"0":{"start":{"line":4,"column":17},"end":{"line":4,"column":36}},"1":{"start":{"line":5,"column":15},"end":{"line":5,"column":34}},"2":{"start":{"line":7,"column":19},"end":{"line":45,"column":2}},"3":{"start":{"line":48,"column":0},"end":{"line":61,"column":3}},"4":{"start":{"line":53,"column":2},"end":{"line":55,"column":3}},"5":{"start":{"line":54,"column":4},"end":{"line":54,"column":11}},"6":{"start":{"line":58,"column":15},"end":{"line":58,"column":39}},"7":{"start":{"line":59,"column":2},"end":{"line":59,"column":57}},"8":{"start":{"line":64,"column":0},"end":{"line":66,"column":2}},"9":{"start":{"line":65,"column":2},"end":{"line":65,"column":64}},"10":{"start":{"line":68,"column":0},"end":{"line":68,"column":52}}},"fnMap":{"0":{"name":"(anonymous_0)","decl":{"start":{"line":48,"column":23},"end":{"line":48,"column":24}},"loc":{"start":{"line":48,"column":40},"end":{"line":61,"column":1}},"line":48},"1":{"name":"(anonymous_1)","decl":{"start":{"line":64,"column":37},"end":{"line":64,"column":38}},"loc":{"start":{"line":64,"column":71},"end":{"line":66,"column":1}},"line":64}},"branchMap":{"0":{"loc":{"start":{"line":53,"column":2},"end":{"line":55,"column":3}},"type":"if","locations":[{"start":{"line":53,"column":2},"end":{"line":55,"column":3}},{"start":{},"end":{}}],"line":53}},"s":{"0":3,"1":3,"2":3,"3":3,"4":31,"5":0,"6":31,"7":31,"8":3,"9":2,"10":3},"f":{"0":31,"1":2},"b":{"0":[0,31]},"_coverageSchema":"1a1c01bbd47fc00a2c39e90264f33305004495a9","hash":"d3e51111a0e235bb58d8e90db0838da71ec261a2"}
,"/home/lybace/Desktop/Projects/Internship/ECommerce-Store/backend/routes/authRoutes.js": {"path":"/home/lybace/Desktop/Projects/Internship/ECommerce-Store/backend/routes/authRoutes.js","statementMap":{"0":{"start":{"line":4,"column":16},"end":{"line":4,"column":34}},"1":{"start":{"line":5,"column":17},"end":{"line":5,"column":45}},"2":{"start":{"line":12,"column":4},"end":{"line":12,"column":44}},"3":{"start":{"line":13,"column":20},"end":{"line":13,"column":49}},"4":{"start":{"line":14,"column":21},"end":{"line":14,"column":61}},"5":{"start":{"line":16,"column":15},"end":{"line":16,"column":31}},"6":{"start":{"line":19,"column":27},"end":{"line":34,"column":1}},"7":{"start":{"line":35,"column":24},"end":{"line":42,"column":1}},"8":{"start":{"line":44,"column":33},"end":{"line":50,"column":1}},"9":{"start":{"line":53,"column":0},"end":{"line":53,"column":65}},"10":{"start":{"line":54,"column":0},"end":{"line":54,"column":56}},"11":{"start":{"line":55,"column":0},"end":{"line":55,"column":34}},"12":{"start":{"line":56,"column":0},"end":{"line":56,"column":47}},"13":{"start":{"line":57,"column":0},"end":{"line":57,"column":85}},"14":{"start":{"line":59,"column":0},"end":{"line":59,"column":24}}},"fnMap":{},"branchMap":{},"s":{"0":3,"1":3,"2":3,"3":3,"4":3,"5":3,"6":3,"7":3,"8":3,"9":3,"10":3,"11":3,"12":3,"13":3,"14":3},"f":{},"b":{},"_coverageSchema":"1a1c01bbd47fc00a2c39e90264f33305004495a9","hash":"909fae03c3df6ea0bfc21fe745fdb65cb3c167ad"}
,"/home/lybace/Desktop/Projects/Internship/ECommerce-Store/backend/routes/cartRoutes.js": {"path":"/home/lybace/Desktop/Projects/Internship/ECommerce-Store/backend/routes/cartRoutes.js","statementMap":{"0":{"start":{"line":4,"column":16},"end":{"line":4,"column":34}},"1":{"start":{"line":5,"column":17},"end":{"line":5,"column":45}},"2":{"start":{"line":12,"column":4},"end":{"line":12,"column":44}},"3":{"start":{"line":13,"column":20},"end":{"line":13,"column":49}},"4":{"start":{"line":14,"column":21},"end":{"line":14,"column":61}},"5":{"start":{"line":16,"column":15},"end":{"line":16,"column":31}},"6":{"start":{"line":19,"column":27},"end":{"line":25,"column":1}},"7":{"start":{"line":28,"column":0},"end":{"line":28,"column":34}},"8":{"start":{"line":29,"column":0},"end":{"line":29,"column":70}},"9":{"start":{"line":30,"column":0},"end":{"line":30,"column":77}},"10":{"start":{"line":31,"column":0},"end":{"line":31,"column":61}},"11":{"start":{"line":32,"column":0},"end":{"line":32,"column":44}},"12":{"start":{"line":34,"column":0},"end":{"line":34,"column":24}}},"fnMap":{},"branchMap":{},"s":{"0":1,"1":1,"2":1,"3":1,"4":1,"5":1,"6":1,"7":1,"8":1,"9":1,"10":1,"11":1,"12":1},"f":{},"b":{},"_coverageSchema":"1a1c01bbd47fc00a2c39e90264f33305004495a9","hash":"ddb738f8fc78f9b50226c7258c1b6ffd26c25558"}
,"/home/lybace/Desktop/Projects/Internship/ECommerce-Store/backend/routes/productRoutes.js": {"path":"/home/lybace/Desktop/Projects/Internship/ECommerce-Store/backend/routes/productRoutes.js","statementMap":{"0":{"start":{"line":4,"column":16},"end":{"line":4,"column":34}},"1":{"start":{"line":5,"column":17},"end":{"line":5,"column":45}},"2":{"start":{"line":16,"column":4},"end":{"line":16,"column":47}},"3":{"start":{"line":17,"column":20},"end":{"line":17,"column":49}},"4":{"start":{"line":18,"column":18},"end":{"line":18,"column":52}},"5":{"start":{"line":19,"column":21},"end":{"line":19,"column":61}},"6":{"start":{"line":21,"column":15},"end":{"line":21,"column":31}},"7":{"start":{"line":23,"column":26},"end":{"line":40,"column":1}},"8":{"start":{"line":43,"column":0},"end":{"line":43,"column":29}},"9":{"start":{"line":44,"column":0},"end":{"line":44,"column":46}},"10":{"start":{"line":45,"column":0},"end":{"line":45,"column":38}},"11":{"start":{"line":46,"column":0},"end":{"line":46,"column":50}},"12":{"start":{"line":47,"column":0},"end":{"line":47,"column":35}},"13":{"start":{"line":48,"column":0},"end":{"line":48,"column":47}},"14":{"start":{"line":51,"column":0},"end":{"line":51,"column":77}},"15":{"start":{"line":52,"column":0},"end":{"line":52,"column":50}},"16":{"start":{"line":53,"column":0},"end":{"line":53,"column":53}},"17":{"start":{"line":55,"column":0},"end":{"line":55,"column":24}}},"fnMap":{},"branchMap":{},"s":{"0":1,"1":1,"2":1,"3":1,"4":1,"5":1,"6":1,"7":1,"8":1,"9":1,"10":1,"11":1,"12":1,"13":1,"14":1,"15":1,"16":1,"17":1},"f":{},"b":{},"_coverageSchema":"1a1c01bbd47fc00a2c39e90264f33305004495a9","hash":"8fb0f1cc833945c3ea40d45c4e50ae2f5aabc79e"}
,"/home/lybace/Desktop/Projects/Internship/ECommerce-Store/backend/utils/generateToken.js": {"path":"/home/lybace/Desktop/Projects/Internship/ECommerce-Store/backend/utils/generateToken.js","statementMap":{"0":{"start":{"line":4,"column":12},"end":{"line":4,"column":35}},"1":{"start":{"line":6,"column":22},"end":{"line":10,"column":1}},"2":{"start":{"line":7,"column":2},"end":{"line":9,"column":5}},"3":{"start":{"line":12,"column":0},"end":{"line":12,"column":31}}},"fnMap":{"0":{"name":"(anonymous_0)","decl":{"start":{"line":6,"column":22},"end":{"line":6,"column":23}},"loc":{"start":{"line":6,"column":34},"end":{"line":10,"column":1}},"line":6}},"branchMap":{"0":{"loc":{"start":{"line":8,"column":15},"end":{"line":8,"column":50}},"type":"binary-expr","locations":[{"start":{"line":8,"column":15},"end":{"line":8,"column":42}},{"start":{"line":8,"column":46},"end":{"line":8,"column":50}}],"line":8}},"s":{"0":3,"1":3,"2":32,"3":3},"f":{"0":32},"b":{"0":[0,0]},"_coverageSchema":"1a1c01bbd47fc00a2c39e90264f33305004495a9","hash":"01f4a705e67e9a73df3914accca755baaef2d6ff"}
}
