{"/home/lybace/Desktop/Projects/Internship/ECommerce-Store/backend/controllers/authController.js": {"path":"/home/lybace/Desktop/Projects/Internship/ECommerce-Store/backend/controllers/authController.js","statementMap":{"0":{"start":{"line":4,"column":13},"end":{"line":4,"column":38}},"1":{"start":{"line":5,"column":22},"end":{"line":5,"column":55}},"2":{"start":{"line":10,"column":0},"end":{"line":51,"column":2}},"3":{"start":{"line":11,"column":2},"end":{"line":50,"column":3}},"4":{"start":{"line":12,"column":54},"end":{"line":12,"column":62}},"5":{"start":{"line":15,"column":23},"end":{"line":15,"column":52}},"6":{"start":{"line":17,"column":4},"end":{"line":22,"column":5}},"7":{"start":{"line":18,"column":6},"end":{"line":21,"column":9}},"8":{"start":{"line":25,"column":17},"end":{"line":31,"column":6}},"9":{"start":{"line":33,"column":18},"end":{"line":33,"column":41}},"10":{"start":{"line":35,"column":4},"end":{"line":47,"column":7}},"11":{"start":{"line":49,"column":4},"end":{"line":49,"column":16}},"12":{"start":{"line":56,"column":0},"end":{"line":107,"column":2}},"13":{"start":{"line":57,"column":2},"end":{"line":106,"column":3}},"14":{"start":{"line":58,"column":32},"end":{"line":58,"column":40}},"15":{"start":{"line":61,"column":4},"end":{"line":66,"column":5}},"16":{"start":{"line":62,"column":6},"end":{"line":65,"column":9}},"17":{"start":{"line":69,"column":17},"end":{"line":69,"column":66}},"18":{"start":{"line":71,"column":4},"end":{"line":76,"column":5}},"19":{"start":{"line":72,"column":6},"end":{"line":75,"column":9}},"20":{"start":{"line":79,"column":20},"end":{"line":79,"column":56}},"21":{"start":{"line":81,"column":4},"end":{"line":86,"column":5}},"22":{"start":{"line":82,"column":6},"end":{"line":85,"column":9}},"23":{"start":{"line":89,"column":18},"end":{"line":89,"column":41}},"24":{"start":{"line":91,"column":4},"end":{"line":103,"column":7}},"25":{"start":{"line":105,"column":4},"end":{"line":105,"column":16}},"26":{"start":{"line":112,"column":0},"end":{"line":132,"column":2}},"27":{"start":{"line":113,"column":2},"end":{"line":131,"column":3}},"28":{"start":{"line":114,"column":17},"end":{"line":114,"column":49}},"29":{"start":{"line":115,"column":0},"end":{"line":128,"column":7}},"30":{"start":{"line":130,"column":4},"end":{"line":130,"column":16}},"31":{"start":{"line":137,"column":0},"end":{"line":171,"column":2}},"32":{"start":{"line":138,"column":2},"end":{"line":170,"column":3}},"33":{"start":{"line":139,"column":44},"end":{"line":139,"column":52}},"34":{"start":{"line":142,"column":27},"end":{"line":142,"column":29}},"35":{"start":{"line":143,"column":4},"end":{"line":143,"column":41}},"36":{"start":{"line":143,"column":14},"end":{"line":143,"column":41}},"37":{"start":{"line":144,"column":4},"end":{"line":144,"column":44}},"38":{"start":{"line":144,"column":15},"end":{"line":144,"column":44}},"39":{"start":{"line":145,"column":4},"end":{"line":145,"column":44}},"40":{"start":{"line":145,"column":15},"end":{"line":145,"column":44}},"41":{"start":{"line":146,"column":4},"end":{"line":146,"column":50}},"42":{"start":{"line":146,"column":17},"end":{"line":146,"column":50}},"43":{"start":{"line":148,"column":17},"end":{"line":152,"column":5}},"44":{"start":{"line":154,"column":4},"end":{"line":167,"column":7}},"45":{"start":{"line":169,"column":4},"end":{"line":169,"column":16}},"46":{"start":{"line":176,"column":0},"end":{"line":215,"column":2}},"47":{"start":{"line":177,"column":2},"end":{"line":214,"column":3}},"48":{"start":{"line":178,"column":45},"end":{"line":178,"column":53}},"49":{"start":{"line":180,"column":4},"end":{"line":185,"column":5}},"50":{"start":{"line":181,"column":6},"end":{"line":184,"column":9}},"51":{"start":{"line":188,"column":17},"end":{"line":188,"column":69}},"52":{"start":{"line":191,"column":20},"end":{"line":191,"column":63}},"53":{"start":{"line":193,"column":4},"end":{"line":198,"column":5}},"54":{"start":{"line":194,"column":6},"end":{"line":197,"column":9}},"55":{"start":{"line":201,"column":4},"end":{"line":201,"column":32}},"56":{"start":{"line":202,"column":4},"end":{"line":202,"column":22}},"57":{"start":{"line":205,"column":18},"end":{"line":205,"column":41}},"58":{"start":{"line":206,"column":4},"end":{"line":210,"column":7}},"59":{"start":{"line":213,"column":4},"end":{"line":213,"column":16}}},"fnMap":{"0":{"name":"(anonymous_0)","decl":{"start":{"line":10,"column":19},"end":{"line":10,"column":20}},"loc":{"start":{"line":10,"column":45},"end":{"line":51,"column":1}},"line":10},"1":{"name":"(anonymous_1)","decl":{"start":{"line":56,"column":16},"end":{"line":56,"column":17}},"loc":{"start":{"line":56,"column":42},"end":{"line":107,"column":1}},"line":56},"2":{"name":"(anonymous_2)","decl":{"start":{"line":112,"column":16},"end":{"line":112,"column":17}},"loc":{"start":{"line":112,"column":42},"end":{"line":132,"column":1}},"line":112},"3":{"name":"(anonymous_3)","decl":{"start":{"line":137,"column":24},"end":{"line":137,"column":25}},"loc":{"start":{"line":137,"column":50},"end":{"line":171,"column":1}},"line":137},"4":{"name":"(anonymous_4)","decl":{"start":{"line":176,"column":25},"end":{"line":176,"column":26}},"loc":{"start":{"line":176,"column":51},"end":{"line":215,"column":1}},"line":176}},"branchMap":{"0":{"loc":{"start":{"line":17,"column":4},"end":{"line":22,"column":5}},"type":"if","locations":[{"start":{"line":17,"column":4},"end":{"line":22,"column":5}},{"start":{},"end":{}}],"line":17},"1":{"loc":{"start":{"line":61,"column":4},"end":{"line":66,"column":5}},"type":"if","locations":[{"start":{"line":61,"column":4},"end":{"line":66,"column":5}},{"start":{},"end":{}}],"line":61},"2":{"loc":{"start":{"line":61,"column":8},"end":{"line":61,"column":27}},"type":"binary-expr","locations":[{"start":{"line":61,"column":8},"end":{"line":61,"column":14}},{"start":{"line":61,"column":18},"end":{"line":61,"column":27}}],"line":61},"3":{"loc":{"start":{"line":71,"column":4},"end":{"line":76,"column":5}},"type":"if","locations":[{"start":{"line":71,"column":4},"end":{"line":76,"column":5}},{"start":{},"end":{}}],"line":71},"4":{"loc":{"start":{"line":81,"column":4},"end":{"line":86,"column":5}},"type":"if","locations":[{"start":{"line":81,"column":4},"end":{"line":86,"column":5}},{"start":{},"end":{}}],"line":81},"5":{"loc":{"start":{"line":143,"column":4},"end":{"line":143,"column":41}},"type":"if","locations":[{"start":{"line":143,"column":4},"end":{"line":143,"column":41}},{"start":{},"end":{}}],"line":143},"6":{"loc":{"start":{"line":144,"column":4},"end":{"line":144,"column":44}},"type":"if","locations":[{"start":{"line":144,"column":4},"end":{"line":144,"column":44}},{"start":{},"end":{}}],"line":144},"7":{"loc":{"start":{"line":145,"column":4},"end":{"line":145,"column":44}},"type":"if","locations":[{"start":{"line":145,"column":4},"end":{"line":145,"column":44}},{"start":{},"end":{}}],"line":145},"8":{"loc":{"start":{"line":146,"column":4},"end":{"line":146,"column":50}},"type":"if","locations":[{"start":{"line":146,"column":4},"end":{"line":146,"column":50}},{"start":{},"end":{}}],"line":146},"9":{"loc":{"start":{"line":180,"column":4},"end":{"line":185,"column":5}},"type":"if","locations":[{"start":{"line":180,"column":4},"end":{"line":185,"column":5}},{"start":{},"end":{}}],"line":180},"10":{"loc":{"start":{"line":180,"column":8},"end":{"line":180,"column":40}},"type":"binary-expr","locations":[{"start":{"line":180,"column":8},"end":{"line":180,"column":24}},{"start":{"line":180,"column":28},"end":{"line":180,"column":40}}],"line":180},"11":{"loc":{"start":{"line":193,"column":4},"end":{"line":198,"column":5}},"type":"if","locations":[{"start":{"line":193,"column":4},"end":{"line":198,"column":5}},{"start":{},"end":{}}],"line":193}},"s":{"0":5,"1":5,"2":5,"3":66,"4":66,"5":66,"6":66,"7":1,"8":65,"9":65,"10":65,"11":0,"12":5,"13":21,"14":21,"15":21,"16":0,"17":21,"18":21,"19":1,"20":20,"21":20,"22":1,"23":19,"24":19,"25":0,"26":5,"27":1,"28":1,"29":1,"30":0,"31":5,"32":1,"33":1,"34":1,"35":1,"36":1,"37":1,"38":0,"39":1,"40":1,"41":1,"42":0,"43":1,"44":1,"45":0,"46":5,"47":1,"48":1,"49":1,"50":0,"51":1,"52":1,"53":1,"54":0,"55":1,"56":1,"57":1,"58":1,"59":0},"f":{"0":66,"1":21,"2":1,"3":1,"4":1},"b":{"0":[1,65],"1":[0,21],"2":[21,21],"3":[1,20],"4":[1,19],"5":[1,0],"6":[0,1],"7":[1,0],"8":[0,1],"9":[0,1],"10":[1,1],"11":[0,1]},"_coverageSchema":"1a1c01bbd47fc00a2c39e90264f33305004495a9","hash":"31a766b7d50110f8b13145ad3f460367207e623c"}
,"/home/lybace/Desktop/Projects/Internship/ECommerce-Store/backend/controllers/cartController.js": {"path":"/home/lybace/Desktop/Projects/Internship/ECommerce-Store/backend/controllers/cartController.js","statementMap":{"0":{"start":{"line":4,"column":13},"end":{"line":4,"column":38}},"1":{"start":{"line":5,"column":16},"end":{"line":5,"column":44}},"2":{"start":{"line":10,"column":0},"end":{"line":26,"column":2}},"3":{"start":{"line":11,"column":2},"end":{"line":25,"column":3}},"4":{"start":{"line":12,"column":15},"end":{"line":12,"column":82}},"5":{"start":{"line":15,"column":4},"end":{"line":17,"column":5}},"6":{"start":{"line":16,"column":6},"end":{"line":16,"column":65}},"7":{"start":{"line":19,"column":4},"end":{"line":22,"column":7}},"8":{"start":{"line":24,"column":4},"end":{"line":24,"column":16}},"9":{"start":{"line":30,"column":0},"end":{"line":100,"column":2}},"10":{"start":{"line":31,"column":2},"end":{"line":99,"column":3}},"11":{"start":{"line":32,"column":36},"end":{"line":32,"column":44}},"12":{"start":{"line":35,"column":4},"end":{"line":40,"column":5}},"13":{"start":{"line":36,"column":6},"end":{"line":39,"column":9}},"14":{"start":{"line":43,"column":20},"end":{"line":43,"column":53}},"15":{"start":{"line":44,"column":4},"end":{"line":49,"column":5}},"16":{"start":{"line":45,"column":6},"end":{"line":48,"column":9}},"17":{"start":{"line":51,"column":4},"end":{"line":56,"column":5}},"18":{"start":{"line":52,"column":6},"end":{"line":55,"column":9}},"19":{"start":{"line":59,"column":15},"end":{"line":59,"column":56}},"20":{"start":{"line":60,"column":4},"end":{"line":62,"column":5}},"21":{"start":{"line":61,"column":6},"end":{"line":61,"column":65}},"22":{"start":{"line":65,"column":22},"end":{"line":67,"column":5}},"23":{"start":{"line":66,"column":14},"end":{"line":66,"column":51}},"24":{"start":{"line":68,"column":6},"end":{"line":88,"column":5}},"25":{"start":{"line":70,"column":26},"end":{"line":70,"column":67}},"26":{"start":{"line":73,"column":6},"end":{"line":78,"column":7}},"27":{"start":{"line":74,"column":8},"end":{"line":77,"column":11}},"28":{"start":{"line":80,"column":6},"end":{"line":80,"column":51}},"29":{"start":{"line":83,"column":6},"end":{"line":87,"column":9}},"30":{"start":{"line":89,"column":3},"end":{"line":89,"column":21}},"31":{"start":{"line":90,"column":4},"end":{"line":90,"column":41}},"32":{"start":{"line":92,"column":4},"end":{"line":96,"column":7}},"33":{"start":{"line":98,"column":4},"end":{"line":98,"column":16}},"34":{"start":{"line":105,"column":0},"end":{"line":159,"column":2}},"35":{"start":{"line":106,"column":2},"end":{"line":158,"column":3}},"36":{"start":{"line":107,"column":36},"end":{"line":107,"column":44}},"37":{"start":{"line":109,"column":4},"end":{"line":114,"column":5}},"38":{"start":{"line":110,"column":6},"end":{"line":113,"column":9}},"39":{"start":{"line":116,"column":17},"end":{"line":116,"column":58}},"40":{"start":{"line":117,"column":4},"end":{"line":122,"column":5}},"41":{"start":{"line":118,"column":6},"end":{"line":121,"column":9}},"42":{"start":{"line":125,"column":22},"end":{"line":127,"column":5}},"43":{"start":{"line":126,"column":14},"end":{"line":126,"column":51}},"44":{"start":{"line":129,"column":4},"end":{"line":134,"column":5}},"45":{"start":{"line":130,"column":6},"end":{"line":133,"column":9}},"46":{"start":{"line":136,"column":20},"end":{"line":136,"column":53}},"47":{"start":{"line":137,"column":4},"end":{"line":142,"column":5}},"48":{"start":{"line":138,"column":6},"end":{"line":141,"column":9}},"49":{"start":{"line":145,"column":4},"end":{"line":145,"column":46}},"50":{"start":{"line":146,"column":4},"end":{"line":146,"column":48}},"51":{"start":{"line":148,"column":4},"end":{"line":148,"column":22}},"52":{"start":{"line":149,"column":4},"end":{"line":149,"column":41}},"53":{"start":{"line":151,"column":4},"end":{"line":155,"column":7}},"54":{"start":{"line":157,"column":4},"end":{"line":157,"column":16}},"55":{"start":{"line":163,"column":0},"end":{"line":190,"column":2}},"56":{"start":{"line":164,"column":2},"end":{"line":189,"column":3}},"57":{"start":{"line":165,"column":17},"end":{"line":165,"column":58}},"58":{"start":{"line":167,"column":4},"end":{"line":172,"column":5}},"59":{"start":{"line":168,"column":6},"end":{"line":171,"column":9}},"60":{"start":{"line":175,"column":4},"end":{"line":177,"column":6}},"61":{"start":{"line":176,"column":14},"end":{"line":176,"column":62}},"62":{"start":{"line":179,"column":4},"end":{"line":179,"column":22}},"63":{"start":{"line":180,"column":4},"end":{"line":180,"column":41}},"64":{"start":{"line":182,"column":4},"end":{"line":186,"column":7}},"65":{"start":{"line":188,"column":4},"end":{"line":188,"column":16}},"66":{"start":{"line":194,"column":0},"end":{"line":217,"column":2}},"67":{"start":{"line":195,"column":2},"end":{"line":216,"column":3}},"68":{"start":{"line":196,"column":17},"end":{"line":196,"column":58}},"69":{"start":{"line":198,"column":4},"end":{"line":203,"column":5}},"70":{"start":{"line":199,"column":6},"end":{"line":202,"column":9}},"71":{"start":{"line":205,"column":4},"end":{"line":205,"column":20}},"72":{"start":{"line":206,"column":4},"end":{"line":206,"column":24}},"73":{"start":{"line":207,"column":4},"end":{"line":207,"column":22}},"74":{"start":{"line":209,"column":4},"end":{"line":213,"column":7}},"75":{"start":{"line":215,"column":4},"end":{"line":215,"column":16}}},"fnMap":{"0":{"name":"(anonymous_0)","decl":{"start":{"line":10,"column":18},"end":{"line":10,"column":19}},"loc":{"start":{"line":10,"column":44},"end":{"line":26,"column":1}},"line":10},"1":{"name":"(anonymous_1)","decl":{"start":{"line":30,"column":20},"end":{"line":30,"column":21}},"loc":{"start":{"line":30,"column":46},"end":{"line":100,"column":1}},"line":30},"2":{"name":"(anonymous_2)","decl":{"start":{"line":66,"column":6},"end":{"line":66,"column":7}},"loc":{"start":{"line":66,"column":14},"end":{"line":66,"column":51}},"line":66},"3":{"name":"(anonymous_3)","decl":{"start":{"line":105,"column":25},"end":{"line":105,"column":26}},"loc":{"start":{"line":105,"column":51},"end":{"line":159,"column":1}},"line":105},"4":{"name":"(anonymous_4)","decl":{"start":{"line":126,"column":6},"end":{"line":126,"column":7}},"loc":{"start":{"line":126,"column":14},"end":{"line":126,"column":51}},"line":126},"5":{"name":"(anonymous_5)","decl":{"start":{"line":163,"column":25},"end":{"line":163,"column":26}},"loc":{"start":{"line":163,"column":51},"end":{"line":190,"column":1}},"line":163},"6":{"name":"(anonymous_6)","decl":{"start":{"line":176,"column":6},"end":{"line":176,"column":7}},"loc":{"start":{"line":176,"column":14},"end":{"line":176,"column":62}},"line":176},"7":{"name":"(anonymous_7)","decl":{"start":{"line":194,"column":20},"end":{"line":194,"column":21}},"loc":{"start":{"line":194,"column":46},"end":{"line":217,"column":1}},"line":194}},"branchMap":{"0":{"loc":{"start":{"line":15,"column":4},"end":{"line":17,"column":5}},"type":"if","locations":[{"start":{"line":15,"column":4},"end":{"line":17,"column":5}},{"start":{},"end":{}}],"line":15},"1":{"loc":{"start":{"line":35,"column":4},"end":{"line":40,"column":5}},"type":"if","locations":[{"start":{"line":35,"column":4},"end":{"line":40,"column":5}},{"start":{},"end":{}}],"line":35},"2":{"loc":{"start":{"line":35,"column":8},"end":{"line":35,"column":33}},"type":"binary-expr","locations":[{"start":{"line":35,"column":8},"end":{"line":35,"column":17}},{"start":{"line":35,"column":21},"end":{"line":35,"column":33}}],"line":35},"3":{"loc":{"start":{"line":44,"column":4},"end":{"line":49,"column":5}},"type":"if","locations":[{"start":{"line":44,"column":4},"end":{"line":49,"column":5}},{"start":{},"end":{}}],"line":44},"4":{"loc":{"start":{"line":51,"column":4},"end":{"line":56,"column":5}},"type":"if","locations":[{"start":{"line":51,"column":4},"end":{"line":56,"column":5}},{"start":{},"end":{}}],"line":51},"5":{"loc":{"start":{"line":60,"column":4},"end":{"line":62,"column":5}},"type":"if","locations":[{"start":{"line":60,"column":4},"end":{"line":62,"column":5}},{"start":{},"end":{}}],"line":60},"6":{"loc":{"start":{"line":68,"column":6},"end":{"line":88,"column":5}},"type":"if","locations":[{"start":{"line":68,"column":6},"end":{"line":88,"column":5}},{"start":{"line":81,"column":11},"end":{"line":88,"column":5}}],"line":68},"7":{"loc":{"start":{"line":73,"column":6},"end":{"line":78,"column":7}},"type":"if","locations":[{"start":{"line":73,"column":6},"end":{"line":78,"column":7}},{"start":{},"end":{}}],"line":73},"8":{"loc":{"start":{"line":109,"column":4},"end":{"line":114,"column":5}},"type":"if","locations":[{"start":{"line":109,"column":4},"end":{"line":114,"column":5}},{"start":{},"end":{}}],"line":109},"9":{"loc":{"start":{"line":109,"column":8},"end":{"line":109,"column":33}},"type":"binary-expr","locations":[{"start":{"line":109,"column":8},"end":{"line":109,"column":17}},{"start":{"line":109,"column":21},"end":{"line":109,"column":33}}],"line":109},"10":{"loc":{"start":{"line":117,"column":4},"end":{"line":122,"column":5}},"type":"if","locations":[{"start":{"line":117,"column":4},"end":{"line":122,"column":5}},{"start":{},"end":{}}],"line":117},"11":{"loc":{"start":{"line":129,"column":4},"end":{"line":134,"column":5}},"type":"if","locations":[{"start":{"line":129,"column":4},"end":{"line":134,"column":5}},{"start":{},"end":{}}],"line":129},"12":{"loc":{"start":{"line":137,"column":4},"end":{"line":142,"column":5}},"type":"if","locations":[{"start":{"line":137,"column":4},"end":{"line":142,"column":5}},{"start":{},"end":{}}],"line":137},"13":{"loc":{"start":{"line":167,"column":4},"end":{"line":172,"column":5}},"type":"if","locations":[{"start":{"line":167,"column":4},"end":{"line":172,"column":5}},{"start":{},"end":{}}],"line":167},"14":{"loc":{"start":{"line":198,"column":4},"end":{"line":203,"column":5}},"type":"if","locations":[{"start":{"line":198,"column":4},"end":{"line":203,"column":5}},{"start":{},"end":{}}],"line":198}},"s":{"0":3,"1":3,"2":3,"3":1,"4":1,"5":1,"6":1,"7":1,"8":0,"9":3,"10":20,"11":20,"12":20,"13":0,"14":20,"15":20,"16":1,"17":19,"18":1,"19":18,"20":18,"21":17,"22":18,"23":1,"24":18,"25":1,"26":1,"27":0,"28":1,"29":17,"30":18,"31":18,"32":18,"33":0,"34":3,"35":3,"36":3,"37":3,"38":0,"39":3,"40":3,"41":0,"42":3,"43":3,"44":3,"45":0,"46":3,"47":3,"48":1,"49":2,"50":2,"51":2,"52":2,"53":2,"54":0,"55":3,"56":2,"57":2,"58":2,"59":0,"60":2,"61":2,"62":2,"63":2,"64":2,"65":0,"66":3,"67":1,"68":1,"69":1,"70":0,"71":1,"72":1,"73":1,"74":1,"75":0},"f":{"0":1,"1":20,"2":1,"3":3,"4":3,"5":2,"6":2,"7":1},"b":{"0":[1,0],"1":[0,20],"2":[20,20],"3":[1,19],"4":[1,18],"5":[17,1],"6":[1,17],"7":[0,1],"8":[0,3],"9":[3,3],"10":[0,3],"11":[0,3],"12":[1,2],"13":[0,2],"14":[0,1]},"_coverageSchema":"1a1c01bbd47fc00a2c39e90264f33305004495a9","hash":"5d21f6d0ef874fcc6aad94a307469401182b3a72"}
,"/home/lybace/Desktop/Projects/Internship/ECommerce-Store/backend/controllers/orderController.js": {"path":"/home/lybace/Desktop/Projects/Internship/ECommerce-Store/backend/controllers/orderController.js","statementMap":{"0":{"start":{"line":4,"column":14},"end":{"line":4,"column":40}},"1":{"start":{"line":5,"column":13},"end":{"line":5,"column":38}},"2":{"start":{"line":6,"column":16},"end":{"line":6,"column":44}},"3":{"start":{"line":11,"column":0},"end":{"line":102,"column":2}},"4":{"start":{"line":12,"column":2},"end":{"line":101,"column":3}},"5":{"start":{"line":13,"column":47},"end":{"line":13,"column":55}},"6":{"start":{"line":16,"column":4},"end":{"line":22,"column":5}},"7":{"start":{"line":18,"column":6},"end":{"line":21,"column":9}},"8":{"start":{"line":25,"column":17},"end":{"line":25,"column":84}},"9":{"start":{"line":27,"column":4},"end":{"line":32,"column":5}},"10":{"start":{"line":28,"column":6},"end":{"line":31,"column":9}},"11":{"start":{"line":35,"column":23},"end":{"line":35,"column":25}},"12":{"start":{"line":36,"column":21},"end":{"line":36,"column":22}},"13":{"start":{"line":38,"column":4},"end":{"line":63,"column":5}},"14":{"start":{"line":39,"column":22},"end":{"line":39,"column":62}},"15":{"start":{"line":41,"column":6},"end":{"line":46,"column":7}},"16":{"start":{"line":42,"column":8},"end":{"line":45,"column":11}},"17":{"start":{"line":47,"column":6},"end":{"line":52,"column":7}},"18":{"start":{"line":48,"column":8},"end":{"line":51,"column":11}},"19":{"start":{"line":54,"column":6},"end":{"line":60,"column":9}},"20":{"start":{"line":62,"column":6},"end":{"line":62,"column":50}},"21":{"start":{"line":66,"column":21},"end":{"line":66,"column":58}},"22":{"start":{"line":67,"column":26},"end":{"line":67,"column":51}},"23":{"start":{"line":68,"column":23},"end":{"line":68,"column":81}},"24":{"start":{"line":71,"column":18},"end":{"line":80,"column":6}},"25":{"start":{"line":83,"column":4},"end":{"line":88,"column":5}},"26":{"start":{"line":84,"column":6},"end":{"line":87,"column":8}},"27":{"start":{"line":90,"column":4},"end":{"line":90,"column":20}},"28":{"start":{"line":91,"column":4},"end":{"line":91,"column":24}},"29":{"start":{"line":92,"column":4},"end":{"line":92,"column":22}},"30":{"start":{"line":94,"column":4},"end":{"line":98,"column":7}},"31":{"start":{"line":100,"column":4},"end":{"line":100,"column":16}},"32":{"start":{"line":107,"column":0},"end":{"line":135,"column":2}},"33":{"start":{"line":108,"column":2},"end":{"line":134,"column":3}},"34":{"start":{"line":109,"column":17},"end":{"line":109,"column":46}},"35":{"start":{"line":110,"column":18},"end":{"line":110,"column":49}},"36":{"start":{"line":111,"column":17},"end":{"line":111,"column":35}},"37":{"start":{"line":113,"column":19},"end":{"line":117,"column":52}},"38":{"start":{"line":119,"column":24},"end":{"line":119,"column":73}},"39":{"start":{"line":121,"column":4},"end":{"line":131,"column":7}},"40":{"start":{"line":133,"column":4},"end":{"line":133,"column":16}},"41":{"start":{"line":140,"column":0},"end":{"line":168,"column":2}},"42":{"start":{"line":141,"column":2},"end":{"line":167,"column":3}},"43":{"start":{"line":142,"column":18},"end":{"line":144,"column":52}},"44":{"start":{"line":146,"column":4},"end":{"line":151,"column":5}},"45":{"start":{"line":147,"column":6},"end":{"line":150,"column":9}},"46":{"start":{"line":154,"column":4},"end":{"line":159,"column":5}},"47":{"start":{"line":155,"column":6},"end":{"line":158,"column":9}},"48":{"start":{"line":161,"column":4},"end":{"line":164,"column":7}},"49":{"start":{"line":166,"column":4},"end":{"line":166,"column":16}},"50":{"start":{"line":172,"column":0},"end":{"line":202,"column":2}},"51":{"start":{"line":173,"column":2},"end":{"line":201,"column":3}},"52":{"start":{"line":174,"column":18},"end":{"line":174,"column":53}},"53":{"start":{"line":176,"column":4},"end":{"line":181,"column":5}},"54":{"start":{"line":177,"column":6},"end":{"line":180,"column":9}},"55":{"start":{"line":183,"column":4},"end":{"line":183,"column":24}},"56":{"start":{"line":184,"column":4},"end":{"line":184,"column":30}},"57":{"start":{"line":185,"column":4},"end":{"line":190,"column":6}},"58":{"start":{"line":191,"column":4},"end":{"line":191,"column":32}},"59":{"start":{"line":193,"column":25},"end":{"line":193,"column":43}},"60":{"start":{"line":194,"column":4},"end":{"line":198,"column":7}},"61":{"start":{"line":200,"column":4},"end":{"line":200,"column":16}},"62":{"start":{"line":207,"column":0},"end":{"line":234,"column":2}},"63":{"start":{"line":208,"column":2},"end":{"line":233,"column":3}},"64":{"start":{"line":209,"column":17},"end":{"line":209,"column":46}},"65":{"start":{"line":210,"column":18},"end":{"line":210,"column":49}},"66":{"start":{"line":211,"column":17},"end":{"line":211,"column":35}},"67":{"start":{"line":213,"column":19},"end":{"line":217,"column":37}},"68":{"start":{"line":218,"column":24},"end":{"line":218,"column":52}},"69":{"start":{"line":220,"column":4},"end":{"line":230,"column":7}},"70":{"start":{"line":232,"column":4},"end":{"line":232,"column":16}},"71":{"start":{"line":238,"column":0},"end":{"line":275,"column":2}},"72":{"start":{"line":239,"column":2},"end":{"line":274,"column":3}},"73":{"start":{"line":240,"column":23},"end":{"line":240,"column":31}},"74":{"start":{"line":242,"column":26},"end":{"line":242,"column":88}},"75":{"start":{"line":243,"column":4},"end":{"line":248,"column":5}},"76":{"start":{"line":244,"column":6},"end":{"line":247,"column":9}},"77":{"start":{"line":250,"column":18},"end":{"line":250,"column":53}},"78":{"start":{"line":252,"column":4},"end":{"line":257,"column":5}},"79":{"start":{"line":253,"column":6},"end":{"line":256,"column":9}},"80":{"start":{"line":259,"column":4},"end":{"line":259,"column":26}},"81":{"start":{"line":260,"column":3},"end":{"line":263,"column":5}},"82":{"start":{"line":261,"column":6},"end":{"line":261,"column":31}},"83":{"start":{"line":262,"column":6},"end":{"line":262,"column":37}},"84":{"start":{"line":265,"column":25},"end":{"line":265,"column":43}},"85":{"start":{"line":267,"column":4},"end":{"line":271,"column":7}},"86":{"start":{"line":273,"column":4},"end":{"line":273,"column":16}}},"fnMap":{"0":{"name":"(anonymous_0)","decl":{"start":{"line":11,"column":22},"end":{"line":11,"column":23}},"loc":{"start":{"line":11,"column":48},"end":{"line":102,"column":1}},"line":11},"1":{"name":"(anonymous_1)","decl":{"start":{"line":107,"column":22},"end":{"line":107,"column":23}},"loc":{"start":{"line":107,"column":48},"end":{"line":135,"column":1}},"line":107},"2":{"name":"(anonymous_2)","decl":{"start":{"line":140,"column":23},"end":{"line":140,"column":24}},"loc":{"start":{"line":140,"column":49},"end":{"line":168,"column":1}},"line":140},"3":{"name":"(anonymous_3)","decl":{"start":{"line":172,"column":28},"end":{"line":172,"column":29}},"loc":{"start":{"line":172,"column":54},"end":{"line":202,"column":1}},"line":172},"4":{"name":"(anonymous_4)","decl":{"start":{"line":207,"column":23},"end":{"line":207,"column":24}},"loc":{"start":{"line":207,"column":49},"end":{"line":234,"column":1}},"line":207},"5":{"name":"(anonymous_5)","decl":{"start":{"line":238,"column":28},"end":{"line":238,"column":29}},"loc":{"start":{"line":238,"column":54},"end":{"line":275,"column":1}},"line":238}},"branchMap":{"0":{"loc":{"start":{"line":16,"column":4},"end":{"line":22,"column":5}},"type":"if","locations":[{"start":{"line":16,"column":4},"end":{"line":22,"column":5}},{"start":{},"end":{}}],"line":16},"1":{"loc":{"start":{"line":16,"column":8},"end":{"line":17,"column":86}},"type":"binary-expr","locations":[{"start":{"line":16,"column":8},"end":{"line":16,"column":24}},{"start":{"line":16,"column":28},"end":{"line":16,"column":51}},{"start":{"line":16,"column":55},"end":{"line":16,"column":76}},{"start":{"line":17,"column":8},"end":{"line":17,"column":30}},{"start":{"line":17,"column":34},"end":{"line":17,"column":58}},{"start":{"line":17,"column":62},"end":{"line":17,"column":86}}],"line":16},"2":{"loc":{"start":{"line":27,"column":4},"end":{"line":32,"column":5}},"type":"if","locations":[{"start":{"line":27,"column":4},"end":{"line":32,"column":5}},{"start":{},"end":{}}],"line":27},"3":{"loc":{"start":{"line":27,"column":8},"end":{"line":27,"column":40}},"type":"binary-expr","locations":[{"start":{"line":27,"column":8},"end":{"line":27,"column":13}},{"start":{"line":27,"column":17},"end":{"line":27,"column":40}}],"line":27},"4":{"loc":{"start":{"line":41,"column":6},"end":{"line":46,"column":7}},"type":"if","locations":[{"start":{"line":41,"column":6},"end":{"line":46,"column":7}},{"start":{},"end":{}}],"line":41},"5":{"loc":{"start":{"line":47,"column":6},"end":{"line":52,"column":7}},"type":"if","locations":[{"start":{"line":47,"column":6},"end":{"line":52,"column":7}},{"start":{},"end":{}}],"line":47},"6":{"loc":{"start":{"line":59,"column":15},"end":{"line":59,"column":38}},"type":"binary-expr","locations":[{"start":{"line":59,"column":15},"end":{"line":59,"column":32}},{"start":{"line":59,"column":36},"end":{"line":59,"column":38}}],"line":59},"7":{"loc":{"start":{"line":67,"column":26},"end":{"line":67,"column":51}},"type":"cond-expr","locations":[{"start":{"line":67,"column":45},"end":{"line":67,"column":46}},{"start":{"line":67,"column":49},"end":{"line":67,"column":51}}],"line":67},"8":{"loc":{"start":{"line":75,"column":21},"end":{"line":75,"column":46}},"type":"binary-expr","locations":[{"start":{"line":75,"column":21},"end":{"line":75,"column":34}},{"start":{"line":75,"column":38},"end":{"line":75,"column":46}}],"line":75},"9":{"loc":{"start":{"line":109,"column":17},"end":{"line":109,"column":46}},"type":"binary-expr","locations":[{"start":{"line":109,"column":17},"end":{"line":109,"column":41}},{"start":{"line":109,"column":45},"end":{"line":109,"column":46}}],"line":109},"10":{"loc":{"start":{"line":110,"column":18},"end":{"line":110,"column":49}},"type":"binary-expr","locations":[{"start":{"line":110,"column":18},"end":{"line":110,"column":43}},{"start":{"line":110,"column":47},"end":{"line":110,"column":49}}],"line":110},"11":{"loc":{"start":{"line":146,"column":4},"end":{"line":151,"column":5}},"type":"if","locations":[{"start":{"line":146,"column":4},"end":{"line":151,"column":5}},{"start":{},"end":{}}],"line":146},"12":{"loc":{"start":{"line":154,"column":4},"end":{"line":159,"column":5}},"type":"if","locations":[{"start":{"line":154,"column":4},"end":{"line":159,"column":5}},{"start":{},"end":{}}],"line":154},"13":{"loc":{"start":{"line":154,"column":8},"end":{"line":154,"column":78}},"type":"binary-expr","locations":[{"start":{"line":154,"column":8},"end":{"line":154,"column":49}},{"start":{"line":154,"column":53},"end":{"line":154,"column":78}}],"line":154},"14":{"loc":{"start":{"line":176,"column":4},"end":{"line":181,"column":5}},"type":"if","locations":[{"start":{"line":176,"column":4},"end":{"line":181,"column":5}},{"start":{},"end":{}}],"line":176},"15":{"loc":{"start":{"line":209,"column":17},"end":{"line":209,"column":46}},"type":"binary-expr","locations":[{"start":{"line":209,"column":17},"end":{"line":209,"column":41}},{"start":{"line":209,"column":45},"end":{"line":209,"column":46}}],"line":209},"16":{"loc":{"start":{"line":210,"column":18},"end":{"line":210,"column":49}},"type":"binary-expr","locations":[{"start":{"line":210,"column":18},"end":{"line":210,"column":43}},{"start":{"line":210,"column":47},"end":{"line":210,"column":49}}],"line":210},"17":{"loc":{"start":{"line":243,"column":4},"end":{"line":248,"column":5}},"type":"if","locations":[{"start":{"line":243,"column":4},"end":{"line":248,"column":5}},{"start":{},"end":{}}],"line":243},"18":{"loc":{"start":{"line":252,"column":4},"end":{"line":257,"column":5}},"type":"if","locations":[{"start":{"line":252,"column":4},"end":{"line":257,"column":5}},{"start":{},"end":{}}],"line":252},"19":{"loc":{"start":{"line":260,"column":3},"end":{"line":263,"column":5}},"type":"if","locations":[{"start":{"line":260,"column":3},"end":{"line":263,"column":5}},{"start":{},"end":{}}],"line":260}},"s":{"0":2,"1":2,"2":2,"3":2,"4":9,"5":9,"6":9,"7":0,"8":9,"9":9,"10":1,"11":8,"12":8,"13":8,"14":8,"15":8,"16":0,"17":8,"18":0,"19":8,"20":8,"21":8,"22":8,"23":8,"24":8,"25":8,"26":8,"27":8,"28":8,"29":8,"30":8,"31":0,"32":2,"33":1,"34":1,"35":1,"36":1,"37":1,"38":1,"39":1,"40":0,"41":2,"42":2,"43":2,"44":2,"45":0,"46":2,"47":1,"48":1,"49":0,"50":2,"51":2,"52":2,"53":2,"54":1,"55":1,"56":1,"57":1,"58":1,"59":1,"60":1,"61":0,"62":2,"63":0,"64":0,"65":0,"66":0,"67":0,"68":0,"69":0,"70":0,"71":2,"72":1,"73":1,"74":1,"75":1,"76":0,"77":1,"78":1,"79":0,"80":1,"81":1,"82":0,"83":0,"84":1,"85":1,"86":0},"f":{"0":9,"1":1,"2":2,"3":2,"4":0,"5":1},"b":{"0":[0,9],"1":[9,9,9,9,9,9],"2":[1,8],"3":[9,8],"4":[0,8],"5":[0,8],"6":[8,2],"7":[1,7],"8":[8,7],"9":[1,1],"10":[1,1],"11":[0,2],"12":[1,1],"13":[2,1],"14":[1,1],"15":[0,0],"16":[0,0],"17":[0,1],"18":[0,1],"19":[0,1]},"_coverageSchema":"1a1c01bbd47fc00a2c39e90264f33305004495a9","hash":"7e411ef1bd45d177bec12343b2ba8eac99bee4b3"}
,"/home/lybace/Desktop/Projects/Internship/ECommerce-Store/backend/controllers/productController.js": {"path":"/home/lybace/Desktop/Projects/Internship/ECommerce-Store/backend/controllers/productController.js","statementMap":{"0":{"start":{"line":4,"column":16},"end":{"line":4,"column":44}},"1":{"start":{"line":9,"column":0},"end":{"line":115,"column":2}},"2":{"start":{"line":10,"column":2},"end":{"line":114,"column":3}},"3":{"start":{"line":11,"column":17},"end":{"line":11,"column":46}},"4":{"start":{"line":12,"column":18},"end":{"line":12,"column":49}},"5":{"start":{"line":13,"column":17},"end":{"line":13,"column":35}},"6":{"start":{"line":16,"column":16},"end":{"line":16,"column":18}},"7":{"start":{"line":19,"column":4},"end":{"line":21,"column":5}},"8":{"start":{"line":20,"column":6},"end":{"line":20,"column":50}},"9":{"start":{"line":24,"column":4},"end":{"line":26,"column":5}},"10":{"start":{"line":25,"column":6},"end":{"line":25,"column":42}},"11":{"start":{"line":28,"column":4},"end":{"line":30,"column":5}},"12":{"start":{"line":29,"column":6},"end":{"line":29,"column":48}},"13":{"start":{"line":33,"column":4},"end":{"line":35,"column":5}},"14":{"start":{"line":34,"column":6},"end":{"line":34,"column":36}},"15":{"start":{"line":38,"column":4},"end":{"line":46,"column":5}},"16":{"start":{"line":39,"column":6},"end":{"line":39,"column":23}},"17":{"start":{"line":40,"column":6},"end":{"line":42,"column":7}},"18":{"start":{"line":41,"column":8},"end":{"line":41,"column":58}},"19":{"start":{"line":43,"column":6},"end":{"line":45,"column":7}},"20":{"start":{"line":44,"column":8},"end":{"line":44,"column":58}},"21":{"start":{"line":49,"column":4},"end":{"line":51,"column":5}},"22":{"start":{"line":50,"column":6},"end":{"line":50,"column":63}},"23":{"start":{"line":53,"column":4},"end":{"line":55,"column":5}},"24":{"start":{"line":54,"column":6},"end":{"line":54,"column":28}},"25":{"start":{"line":58,"column":4},"end":{"line":60,"column":5}},"26":{"start":{"line":59,"column":6},"end":{"line":59,"column":31}},"27":{"start":{"line":63,"column":15},"end":{"line":63,"column":17}},"28":{"start":{"line":64,"column":4},"end":{"line":86,"column":5}},"29":{"start":{"line":65,"column":6},"end":{"line":83,"column":7}},"30":{"start":{"line":67,"column":10},"end":{"line":67,"column":25}},"31":{"start":{"line":68,"column":10},"end":{"line":68,"column":16}},"32":{"start":{"line":70,"column":10},"end":{"line":70,"column":26}},"33":{"start":{"line":71,"column":10},"end":{"line":71,"column":16}},"34":{"start":{"line":73,"column":10},"end":{"line":73,"column":27}},"35":{"start":{"line":74,"column":10},"end":{"line":74,"column":16}},"36":{"start":{"line":76,"column":10},"end":{"line":76,"column":30}},"37":{"start":{"line":77,"column":10},"end":{"line":77,"column":16}},"38":{"start":{"line":79,"column":12},"end":{"line":79,"column":33}},"39":{"start":{"line":80,"column":10},"end":{"line":80,"column":16}},"40":{"start":{"line":82,"column":10},"end":{"line":82,"column":30}},"41":{"start":{"line":85,"column":6},"end":{"line":85,"column":26}},"42":{"start":{"line":89,"column":21},"end":{"line":93,"column":13}},"43":{"start":{"line":96,"column":26},"end":{"line":96,"column":61}},"44":{"start":{"line":97,"column":23},"end":{"line":97,"column":55}},"45":{"start":{"line":99,"column":4},"end":{"line":111,"column":7}},"46":{"start":{"line":113,"column":4},"end":{"line":113,"column":16}},"47":{"start":{"line":120,"column":0},"end":{"line":138,"column":2}},"48":{"start":{"line":121,"column":2},"end":{"line":137,"column":3}},"49":{"start":{"line":122,"column":20},"end":{"line":122,"column":57}},"50":{"start":{"line":124,"column":4},"end":{"line":129,"column":5}},"51":{"start":{"line":125,"column":6},"end":{"line":128,"column":9}},"52":{"start":{"line":131,"column":4},"end":{"line":134,"column":7}},"53":{"start":{"line":136,"column":4},"end":{"line":136,"column":16}},"54":{"start":{"line":142,"column":0},"end":{"line":177,"column":2}},"55":{"start":{"line":143,"column":2},"end":{"line":176,"column":3}},"56":{"start":{"line":155,"column":8},"end":{"line":155,"column":16}},"57":{"start":{"line":156,"column":20},"end":{"line":167,"column":6}},"58":{"start":{"line":169,"column":4},"end":{"line":173,"column":7}},"59":{"start":{"line":175,"column":4},"end":{"line":175,"column":16}},"60":{"start":{"line":182,"column":0},"end":{"line":211,"column":2}},"61":{"start":{"line":183,"column":2},"end":{"line":210,"column":3}},"62":{"start":{"line":184,"column":18},"end":{"line":184,"column":55}},"63":{"start":{"line":186,"column":4},"end":{"line":191,"column":5}},"64":{"start":{"line":187,"column":6},"end":{"line":190,"column":9}},"65":{"start":{"line":194,"column":4},"end":{"line":201,"column":6}},"66":{"start":{"line":203,"column":4},"end":{"line":207,"column":7}},"67":{"start":{"line":209,"column":4},"end":{"line":209,"column":16}},"68":{"start":{"line":215,"column":0},"end":{"line":236,"column":2}},"69":{"start":{"line":216,"column":2},"end":{"line":235,"column":3}},"70":{"start":{"line":217,"column":20},"end":{"line":217,"column":57}},"71":{"start":{"line":219,"column":4},"end":{"line":224,"column":5}},"72":{"start":{"line":220,"column":6},"end":{"line":223,"column":9}},"73":{"start":{"line":226,"column":4},"end":{"line":226,"column":30}},"74":{"start":{"line":228,"column":4},"end":{"line":232,"column":7}},"75":{"start":{"line":234,"column":4},"end":{"line":234,"column":16}},"76":{"start":{"line":240,"column":0},"end":{"line":251,"column":2}},"77":{"start":{"line":241,"column":2},"end":{"line":250,"column":3}},"78":{"start":{"line":242,"column":23},"end":{"line":242,"column":57}},"79":{"start":{"line":244,"column":4},"end":{"line":247,"column":7}},"80":{"start":{"line":249,"column":4},"end":{"line":249,"column":16}},"81":{"start":{"line":255,"column":0},"end":{"line":266,"column":2}},"82":{"start":{"line":256,"column":2},"end":{"line":265,"column":3}},"83":{"start":{"line":257,"column":19},"end":{"line":257,"column":50}},"84":{"start":{"line":259,"column":4},"end":{"line":262,"column":7}},"85":{"start":{"line":264,"column":4},"end":{"line":264,"column":16}},"86":{"start":{"line":270,"column":0},"end":{"line":287,"column":2}},"87":{"start":{"line":271,"column":2},"end":{"line":286,"column":3}},"88":{"start":{"line":272,"column":18},"end":{"line":272,"column":48}},"89":{"start":{"line":274,"column":21},"end":{"line":277,"column":13}},"90":{"start":{"line":279,"column":4},"end":{"line":283,"column":7}},"91":{"start":{"line":285,"column":4},"end":{"line":285,"column":16}},"92":{"start":{"line":291,"column":0},"end":{"line":320,"column":2}},"93":{"start":{"line":292,"column":2},"end":{"line":319,"column":3}},"94":{"start":{"line":293,"column":20},"end":{"line":293,"column":57}},"95":{"start":{"line":295,"column":4},"end":{"line":300,"column":5}},"96":{"start":{"line":296,"column":6},"end":{"line":299,"column":9}},"97":{"start":{"line":302,"column":18},"end":{"line":302,"column":48}},"98":{"start":{"line":305,"column":28},"end":{"line":311,"column":13}},"99":{"start":{"line":312,"column":4},"end":{"line":316,"column":7}},"100":{"start":{"line":318,"column":4},"end":{"line":318,"column":16}}},"fnMap":{"0":{"name":"(anonymous_0)","decl":{"start":{"line":9,"column":22},"end":{"line":9,"column":23}},"loc":{"start":{"line":9,"column":48},"end":{"line":115,"column":1}},"line":9},"1":{"name":"(anonymous_1)","decl":{"start":{"line":120,"column":25},"end":{"line":120,"column":26}},"loc":{"start":{"line":120,"column":51},"end":{"line":138,"column":1}},"line":120},"2":{"name":"(anonymous_2)","decl":{"start":{"line":142,"column":24},"end":{"line":142,"column":25}},"loc":{"start":{"line":142,"column":50},"end":{"line":177,"column":1}},"line":142},"3":{"name":"(anonymous_3)","decl":{"start":{"line":182,"column":24},"end":{"line":182,"column":25}},"loc":{"start":{"line":182,"column":50},"end":{"line":211,"column":1}},"line":182},"4":{"name":"(anonymous_4)","decl":{"start":{"line":215,"column":24},"end":{"line":215,"column":25}},"loc":{"start":{"line":215,"column":50},"end":{"line":236,"column":1}},"line":215},"5":{"name":"(anonymous_5)","decl":{"start":{"line":240,"column":24},"end":{"line":240,"column":25}},"loc":{"start":{"line":240,"column":50},"end":{"line":251,"column":1}},"line":240},"6":{"name":"(anonymous_6)","decl":{"start":{"line":255,"column":20},"end":{"line":255,"column":21}},"loc":{"start":{"line":255,"column":46},"end":{"line":266,"column":1}},"line":255},"7":{"name":"(anonymous_7)","decl":{"start":{"line":270,"column":30},"end":{"line":270,"column":31}},"loc":{"start":{"line":270,"column":56},"end":{"line":287,"column":1}},"line":270},"8":{"name":"(anonymous_8)","decl":{"start":{"line":291,"column":29},"end":{"line":291,"column":30}},"loc":{"start":{"line":291,"column":55},"end":{"line":320,"column":1}},"line":291}},"branchMap":{"0":{"loc":{"start":{"line":11,"column":17},"end":{"line":11,"column":46}},"type":"binary-expr","locations":[{"start":{"line":11,"column":17},"end":{"line":11,"column":41}},{"start":{"line":11,"column":45},"end":{"line":11,"column":46}}],"line":11},"1":{"loc":{"start":{"line":12,"column":18},"end":{"line":12,"column":49}},"type":"binary-expr","locations":[{"start":{"line":12,"column":18},"end":{"line":12,"column":43}},{"start":{"line":12,"column":47},"end":{"line":12,"column":49}}],"line":12},"2":{"loc":{"start":{"line":19,"column":4},"end":{"line":21,"column":5}},"type":"if","locations":[{"start":{"line":19,"column":4},"end":{"line":21,"column":5}},{"start":{},"end":{}}],"line":19},"3":{"loc":{"start":{"line":24,"column":4},"end":{"line":26,"column":5}},"type":"if","locations":[{"start":{"line":24,"column":4},"end":{"line":26,"column":5}},{"start":{},"end":{}}],"line":24},"4":{"loc":{"start":{"line":28,"column":4},"end":{"line":30,"column":5}},"type":"if","locations":[{"start":{"line":28,"column":4},"end":{"line":30,"column":5}},{"start":{},"end":{}}],"line":28},"5":{"loc":{"start":{"line":33,"column":4},"end":{"line":35,"column":5}},"type":"if","locations":[{"start":{"line":33,"column":4},"end":{"line":35,"column":5}},{"start":{},"end":{}}],"line":33},"6":{"loc":{"start":{"line":38,"column":4},"end":{"line":46,"column":5}},"type":"if","locations":[{"start":{"line":38,"column":4},"end":{"line":46,"column":5}},{"start":{},"end":{}}],"line":38},"7":{"loc":{"start":{"line":38,"column":8},"end":{"line":38,"column":48}},"type":"binary-expr","locations":[{"start":{"line":38,"column":8},"end":{"line":38,"column":26}},{"start":{"line":38,"column":30},"end":{"line":38,"column":48}}],"line":38},"8":{"loc":{"start":{"line":40,"column":6},"end":{"line":42,"column":7}},"type":"if","locations":[{"start":{"line":40,"column":6},"end":{"line":42,"column":7}},{"start":{},"end":{}}],"line":40},"9":{"loc":{"start":{"line":43,"column":6},"end":{"line":45,"column":7}},"type":"if","locations":[{"start":{"line":43,"column":6},"end":{"line":45,"column":7}},{"start":{},"end":{}}],"line":43},"10":{"loc":{"start":{"line":49,"column":4},"end":{"line":51,"column":5}},"type":"if","locations":[{"start":{"line":49,"column":4},"end":{"line":51,"column":5}},{"start":{},"end":{}}],"line":49},"11":{"loc":{"start":{"line":53,"column":4},"end":{"line":55,"column":5}},"type":"if","locations":[{"start":{"line":53,"column":4},"end":{"line":55,"column":5}},{"start":{},"end":{}}],"line":53},"12":{"loc":{"start":{"line":58,"column":4},"end":{"line":60,"column":5}},"type":"if","locations":[{"start":{"line":58,"column":4},"end":{"line":60,"column":5}},{"start":{},"end":{}}],"line":58},"13":{"loc":{"start":{"line":64,"column":4},"end":{"line":86,"column":5}},"type":"if","locations":[{"start":{"line":64,"column":4},"end":{"line":86,"column":5}},{"start":{"line":84,"column":11},"end":{"line":86,"column":5}}],"line":64},"14":{"loc":{"start":{"line":65,"column":6},"end":{"line":83,"column":7}},"type":"switch","locations":[{"start":{"line":66,"column":8},"end":{"line":68,"column":16}},{"start":{"line":69,"column":8},"end":{"line":71,"column":16}},{"start":{"line":72,"column":8},"end":{"line":74,"column":16}},{"start":{"line":75,"column":8},"end":{"line":77,"column":16}},{"start":{"line":78,"column":8},"end":{"line":80,"column":16}},{"start":{"line":81,"column":8},"end":{"line":82,"column":30}}],"line":65},"15":{"loc":{"start":{"line":124,"column":4},"end":{"line":129,"column":5}},"type":"if","locations":[{"start":{"line":124,"column":4},"end":{"line":129,"column":5}},{"start":{},"end":{}}],"line":124},"16":{"loc":{"start":{"line":164,"column":14},"end":{"line":164,"column":26}},"type":"binary-expr","locations":[{"start":{"line":164,"column":14},"end":{"line":164,"column":20}},{"start":{"line":164,"column":24},"end":{"line":164,"column":26}}],"line":164},"17":{"loc":{"start":{"line":165,"column":12},"end":{"line":165,"column":22}},"type":"binary-expr","locations":[{"start":{"line":165,"column":12},"end":{"line":165,"column":16}},{"start":{"line":165,"column":20},"end":{"line":165,"column":22}}],"line":165},"18":{"loc":{"start":{"line":166,"column":16},"end":{"line":166,"column":33}},"type":"binary-expr","locations":[{"start":{"line":166,"column":16},"end":{"line":166,"column":24}},{"start":{"line":166,"column":28},"end":{"line":166,"column":33}}],"line":166},"19":{"loc":{"start":{"line":186,"column":4},"end":{"line":191,"column":5}},"type":"if","locations":[{"start":{"line":186,"column":4},"end":{"line":191,"column":5}},{"start":{},"end":{}}],"line":186},"20":{"loc":{"start":{"line":219,"column":4},"end":{"line":224,"column":5}},"type":"if","locations":[{"start":{"line":219,"column":4},"end":{"line":224,"column":5}},{"start":{},"end":{}}],"line":219},"21":{"loc":{"start":{"line":272,"column":18},"end":{"line":272,"column":48}},"type":"binary-expr","locations":[{"start":{"line":272,"column":18},"end":{"line":272,"column":43}},{"start":{"line":272,"column":47},"end":{"line":272,"column":48}}],"line":272},"22":{"loc":{"start":{"line":295,"column":4},"end":{"line":300,"column":5}},"type":"if","locations":[{"start":{"line":295,"column":4},"end":{"line":300,"column":5}},{"start":{},"end":{}}],"line":295},"23":{"loc":{"start":{"line":302,"column":18},"end":{"line":302,"column":48}},"type":"binary-expr","locations":[{"start":{"line":302,"column":18},"end":{"line":302,"column":43}},{"start":{"line":302,"column":47},"end":{"line":302,"column":48}}],"line":302}},"s":{"0":2,"1":2,"2":7,"3":7,"4":7,"5":7,"6":7,"7":7,"8":1,"9":7,"10":2,"11":7,"12":0,"13":7,"14":0,"15":7,"16":2,"17":2,"18":2,"19":2,"20":2,"21":7,"22":0,"23":7,"24":0,"25":7,"26":0,"27":7,"28":7,"29":0,"30":0,"31":0,"32":0,"33":0,"34":0,"35":0,"36":0,"37":0,"38":0,"39":0,"40":0,"41":7,"42":7,"43":7,"44":7,"45":7,"46":0,"47":2,"48":0,"49":0,"50":0,"51":0,"52":0,"53":0,"54":2,"55":1,"56":1,"57":1,"58":1,"59":0,"60":2,"61":1,"62":1,"63":1,"64":0,"65":1,"66":1,"67":0,"68":2,"69":1,"70":1,"71":1,"72":0,"73":1,"74":1,"75":0,"76":2,"77":1,"78":1,"79":1,"80":0,"81":2,"82":1,"83":1,"84":1,"85":0,"86":2,"87":2,"88":2,"89":2,"90":2,"91":0,"92":2,"93":0,"94":0,"95":0,"96":0,"97":0,"98":0,"99":0,"100":0},"f":{"0":7,"1":0,"2":1,"3":1,"4":1,"5":1,"6":1,"7":2,"8":0},"b":{"0":[7,6],"1":[7,6],"2":[1,6],"3":[2,5],"4":[0,7],"5":[0,7],"6":[2,5],"7":[7,5],"8":[2,0],"9":[2,0],"10":[0,7],"11":[0,7],"12":[0,7],"13":[0,7],"14":[0,0,0,0,0,0],"15":[0,0],"16":[1,1],"17":[1,1],"18":[1,1],"19":[0,1],"20":[0,1],"21":[2,1],"22":[0,0],"23":[0,0]},"_coverageSchema":"1a1c01bbd47fc00a2c39e90264f33305004495a9","hash":"ad570a3600ac1372f049e0584dc15a3344b1c0f5"}
,"/home/lybace/Desktop/Projects/Internship/ECommerce-Store/backend/middleware/adminAuth.js": {"path":"/home/lybace/Desktop/Projects/Internship/ECommerce-Store/backend/middleware/adminAuth.js","statementMap":{"0":{"start":{"line":6,"column":0},"end":{"line":15,"column":2}},"1":{"start":{"line":7,"column":2},"end":{"line":14,"column":3}},"2":{"start":{"line":8,"column":4},"end":{"line":8,"column":11}},"3":{"start":{"line":10,"column":4},"end":{"line":13,"column":7}}},"fnMap":{"0":{"name":"(anonymous_0)","decl":{"start":{"line":6,"column":16},"end":{"line":6,"column":17}},"loc":{"start":{"line":6,"column":36},"end":{"line":15,"column":1}},"line":6}},"branchMap":{"0":{"loc":{"start":{"line":7,"column":2},"end":{"line":14,"column":3}},"type":"if","locations":[{"start":{"line":7,"column":2},"end":{"line":14,"column":3}},{"start":{"line":9,"column":9},"end":{"line":14,"column":3}}],"line":7},"1":{"loc":{"start":{"line":7,"column":6},"end":{"line":7,"column":43}},"type":"binary-expr","locations":[{"start":{"line":7,"column":6},"end":{"line":7,"column":14}},{"start":{"line":7,"column":18},"end":{"line":7,"column":43}}],"line":7}},"s":{"0":3,"1":8,"2":5,"3":3},"f":{"0":8},"b":{"0":[5,3],"1":[8,8]},"_coverageSchema":"1a1c01bbd47fc00a2c39e90264f33305004495a9","hash":"441e8ae3dfeeceb6d2f45a8da459c48b51050481"}
,"/home/lybace/Desktop/Projects/Internship/ECommerce-Store/backend/middleware/auth.js": {"path":"/home/lybace/Desktop/Projects/Internship/ECommerce-Store/backend/middleware/auth.js","statementMap":{"0":{"start":{"line":1,"column":12},"end":{"line":1,"column":35}},"1":{"start":{"line":2,"column":13},"end":{"line":2,"column":38}},"2":{"start":{"line":4,"column":0},"end":{"line":36,"column":2}},"3":{"start":{"line":5,"column":2},"end":{"line":35,"column":3}},"4":{"start":{"line":8,"column":4},"end":{"line":10,"column":5}},"5":{"start":{"line":9,"column":6},"end":{"line":9,"column":54}},"6":{"start":{"line":12,"column":4},"end":{"line":17,"column":5}},"7":{"start":{"line":13,"column":6},"end":{"line":16,"column":9}},"8":{"start":{"line":19,"column":20},"end":{"line":19,"column":61}},"9":{"start":{"line":20,"column":4},"end":{"line":20,"column":47}},"10":{"start":{"line":22,"column":4},"end":{"line":27,"column":5}},"11":{"start":{"line":23,"column":6},"end":{"line":26,"column":9}},"12":{"start":{"line":29,"column":4},"end":{"line":29,"column":11}},"13":{"start":{"line":31,"column":4},"end":{"line":34,"column":7}}},"fnMap":{"0":{"name":"(anonymous_0)","decl":{"start":{"line":4,"column":18},"end":{"line":4,"column":19}},"loc":{"start":{"line":4,"column":44},"end":{"line":36,"column":1}},"line":4}},"branchMap":{"0":{"loc":{"start":{"line":8,"column":4},"end":{"line":10,"column":5}},"type":"if","locations":[{"start":{"line":8,"column":4},"end":{"line":10,"column":5}},{"start":{},"end":{}}],"line":8},"1":{"loc":{"start":{"line":8,"column":8},"end":{"line":8,"column":83}},"type":"binary-expr","locations":[{"start":{"line":8,"column":8},"end":{"line":8,"column":33}},{"start":{"line":8,"column":37},"end":{"line":8,"column":83}}],"line":8},"2":{"loc":{"start":{"line":12,"column":4},"end":{"line":17,"column":5}},"type":"if","locations":[{"start":{"line":12,"column":4},"end":{"line":17,"column":5}},{"start":{},"end":{}}],"line":12},"3":{"loc":{"start":{"line":22,"column":4},"end":{"line":27,"column":5}},"type":"if","locations":[{"start":{"line":22,"column":4},"end":{"line":27,"column":5}},{"start":{},"end":{}}],"line":22}},"s":{"0":5,"1":5,"2":5,"3":57,"4":57,"5":54,"6":57,"7":3,"8":54,"9":53,"10":53,"11":0,"12":53,"13":1},"f":{"0":57},"b":{"0":[54,3],"1":[57,54],"2":[3,54],"3":[0,53]},"_coverageSchema":"1a1c01bbd47fc00a2c39e90264f33305004495a9","hash":"2e345899d7ec80aeb67ca030e46656cfe328bd8e"}
,"/home/lybace/Desktop/Projects/Internship/ECommerce-Store/backend/middleware/validateRequest.js": {"path":"/home/lybace/Desktop/Projects/Internship/ECommerce-Store/backend/middleware/validateRequest.js","statementMap":{"0":{"start":{"line":4,"column":29},"end":{"line":4,"column":57}},"1":{"start":{"line":7,"column":0},"end":{"line":22,"column":2}},"2":{"start":{"line":8,"column":17},"end":{"line":8,"column":38}},"3":{"start":{"line":10,"column":2},"end":{"line":19,"column":3}},"4":{"start":{"line":11,"column":4},"end":{"line":18,"column":7}},"5":{"start":{"line":14,"column":41},"end":{"line":17,"column":7}},"6":{"start":{"line":21,"column":2},"end":{"line":21,"column":9}}},"fnMap":{"0":{"name":"(anonymous_0)","decl":{"start":{"line":7,"column":19},"end":{"line":7,"column":20}},"loc":{"start":{"line":7,"column":39},"end":{"line":22,"column":1}},"line":7},"1":{"name":"(anonymous_1)","decl":{"start":{"line":14,"column":33},"end":{"line":14,"column":34}},"loc":{"start":{"line":14,"column":41},"end":{"line":17,"column":7}},"line":14}},"branchMap":{"0":{"loc":{"start":{"line":10,"column":2},"end":{"line":19,"column":3}},"type":"if","locations":[{"start":{"line":10,"column":2},"end":{"line":19,"column":3}},{"start":{},"end":{}}],"line":10}},"s":{"0":5,"1":5,"2":127,"3":127,"4":6,"5":18,"6":121},"f":{"0":127,"1":18},"b":{"0":[6,121]},"_coverageSchema":"1a1c01bbd47fc00a2c39e90264f33305004495a9","hash":"ce8f7d8b98fba7063143ac91822b1cfe8958943e"}
,"/home/lybace/Desktop/Projects/Internship/ECommerce-Store/backend/models/Cart.js": {"path":"/home/lybace/Desktop/Projects/Internship/ECommerce-Store/backend/models/Cart.js","statementMap":{"0":{"start":{"line":4,"column":17},"end":{"line":4,"column":36}},"1":{"start":{"line":6,"column":23},"end":{"line":22,"column":2}},"2":{"start":{"line":24,"column":19},"end":{"line":38,"column":2}},"3":{"start":{"line":41,"column":0},"end":{"line":45,"column":3}},"4":{"start":{"line":42,"column":2},"end":{"line":44,"column":8}},"5":{"start":{"line":43,"column":4},"end":{"line":43,"column":48}},"6":{"start":{"line":46,"column":0},"end":{"line":46,"column":52}}},"fnMap":{"0":{"name":"(anonymous_0)","decl":{"start":{"line":41,"column":23},"end":{"line":41,"column":24}},"loc":{"start":{"line":41,"column":34},"end":{"line":45,"column":1}},"line":41},"1":{"name":"(anonymous_1)","decl":{"start":{"line":42,"column":38},"end":{"line":42,"column":39}},"loc":{"start":{"line":42,"column":55},"end":{"line":44,"column":3}},"line":42}},"branchMap":{},"s":{"0":3,"1":3,"2":3,"3":3,"4":49,"5":20,"6":3},"f":{"0":49,"1":20},"b":{},"_coverageSchema":"1a1c01bbd47fc00a2c39e90264f33305004495a9","hash":"f9a7e66c34ec5c862c9140ae2cf05d125dd9325f"}
,"/home/lybace/Desktop/Projects/Internship/ECommerce-Store/backend/models/Order.js": {"path":"/home/lybace/Desktop/Projects/Internship/ECommerce-Store/backend/models/Order.js","statementMap":{"0":{"start":{"line":4,"column":17},"end":{"line":4,"column":36}},"1":{"start":{"line":6,"column":24},"end":{"line":23,"column":2}},"2":{"start":{"line":25,"column":20},"end":{"line":93,"column":2}},"3":{"start":{"line":95,"column":0},"end":{"line":95,"column":54}}},"fnMap":{},"branchMap":{},"s":{"0":2,"1":2,"2":2,"3":2},"f":{},"b":{},"_coverageSchema":"1a1c01bbd47fc00a2c39e90264f33305004495a9","hash":"22c2478cdb116f02949192efe938980dd3879762"}
,"/home/lybace/Desktop/Projects/Internship/ECommerce-Store/backend/models/Product.js": {"path":"/home/lybace/Desktop/Projects/Internship/ECommerce-Store/backend/models/Product.js","statementMap":{"0":{"start":{"line":4,"column":17},"end":{"line":4,"column":36}},"1":{"start":{"line":6,"column":22},"end":{"line":63,"column":2}},"2":{"start":{"line":66,"column":0},"end":{"line":66,"column":73}},"3":{"start":{"line":68,"column":0},"end":{"line":68,"column":58}}},"fnMap":{},"branchMap":{},"s":{"0":4,"1":4,"2":4,"3":4},"f":{},"b":{},"_coverageSchema":"1a1c01bbd47fc00a2c39e90264f33305004495a9","hash":"6e6db2aaabb894d96dbd5bfd444212be41f90f3c"}
,"/home/lybace/Desktop/Projects/Internship/ECommerce-Store/backend/models/User.js": {"path":"/home/lybace/Desktop/Projects/Internship/ECommerce-Store/backend/models/User.js","statementMap":{"0":{"start":{"line":4,"column":17},"end":{"line":4,"column":36}},"1":{"start":{"line":5,"column":15},"end":{"line":5,"column":34}},"2":{"start":{"line":7,"column":19},"end":{"line":45,"column":2}},"3":{"start":{"line":48,"column":0},"end":{"line":61,"column":3}},"4":{"start":{"line":53,"column":2},"end":{"line":55,"column":3}},"5":{"start":{"line":54,"column":4},"end":{"line":54,"column":11}},"6":{"start":{"line":58,"column":15},"end":{"line":58,"column":39}},"7":{"start":{"line":59,"column":2},"end":{"line":59,"column":57}},"8":{"start":{"line":64,"column":0},"end":{"line":66,"column":2}},"9":{"start":{"line":65,"column":2},"end":{"line":65,"column":64}},"10":{"start":{"line":68,"column":0},"end":{"line":68,"column":52}}},"fnMap":{"0":{"name":"(anonymous_0)","decl":{"start":{"line":48,"column":23},"end":{"line":48,"column":24}},"loc":{"start":{"line":48,"column":40},"end":{"line":61,"column":1}},"line":48},"1":{"name":"(anonymous_1)","decl":{"start":{"line":64,"column":37},"end":{"line":64,"column":38}},"loc":{"start":{"line":64,"column":71},"end":{"line":66,"column":1}},"line":64}},"branchMap":{"0":{"loc":{"start":{"line":53,"column":2},"end":{"line":55,"column":3}},"type":"if","locations":[{"start":{"line":53,"column":2},"end":{"line":55,"column":3}},{"start":{},"end":{}}],"line":53}},"s":{"0":5,"1":5,"2":5,"3":5,"4":66,"5":0,"6":66,"7":66,"8":5,"9":21,"10":5},"f":{"0":66,"1":21},"b":{"0":[0,66]},"_coverageSchema":"1a1c01bbd47fc00a2c39e90264f33305004495a9","hash":"d3e51111a0e235bb58d8e90db0838da71ec261a2"}
,"/home/lybace/Desktop/Projects/Internship/ECommerce-Store/backend/routes/authRoutes.js": {"path":"/home/lybace/Desktop/Projects/Internship/ECommerce-Store/backend/routes/authRoutes.js","statementMap":{"0":{"start":{"line":4,"column":16},"end":{"line":4,"column":34}},"1":{"start":{"line":5,"column":17},"end":{"line":5,"column":45}},"2":{"start":{"line":12,"column":4},"end":{"line":12,"column":44}},"3":{"start":{"line":13,"column":20},"end":{"line":13,"column":49}},"4":{"start":{"line":14,"column":21},"end":{"line":14,"column":61}},"5":{"start":{"line":16,"column":15},"end":{"line":16,"column":31}},"6":{"start":{"line":19,"column":27},"end":{"line":34,"column":1}},"7":{"start":{"line":35,"column":24},"end":{"line":42,"column":1}},"8":{"start":{"line":44,"column":33},"end":{"line":50,"column":1}},"9":{"start":{"line":53,"column":0},"end":{"line":53,"column":65}},"10":{"start":{"line":54,"column":0},"end":{"line":54,"column":56}},"11":{"start":{"line":55,"column":0},"end":{"line":55,"column":34}},"12":{"start":{"line":56,"column":0},"end":{"line":56,"column":47}},"13":{"start":{"line":57,"column":0},"end":{"line":57,"column":85}},"14":{"start":{"line":59,"column":0},"end":{"line":59,"column":24}}},"fnMap":{},"branchMap":{},"s":{"0":5,"1":5,"2":5,"3":5,"4":5,"5":5,"6":5,"7":5,"8":5,"9":5,"10":5,"11":5,"12":5,"13":5,"14":5},"f":{},"b":{},"_coverageSchema":"1a1c01bbd47fc00a2c39e90264f33305004495a9","hash":"909fae03c3df6ea0bfc21fe745fdb65cb3c167ad"}
,"/home/lybace/Desktop/Projects/Internship/ECommerce-Store/backend/routes/cartRoutes.js": {"path":"/home/lybace/Desktop/Projects/Internship/ECommerce-Store/backend/routes/cartRoutes.js","statementMap":{"0":{"start":{"line":4,"column":16},"end":{"line":4,"column":34}},"1":{"start":{"line":5,"column":17},"end":{"line":5,"column":45}},"2":{"start":{"line":12,"column":4},"end":{"line":12,"column":44}},"3":{"start":{"line":13,"column":20},"end":{"line":13,"column":49}},"4":{"start":{"line":14,"column":21},"end":{"line":14,"column":61}},"5":{"start":{"line":16,"column":15},"end":{"line":16,"column":31}},"6":{"start":{"line":19,"column":27},"end":{"line":25,"column":1}},"7":{"start":{"line":28,"column":0},"end":{"line":28,"column":34}},"8":{"start":{"line":29,"column":0},"end":{"line":29,"column":70}},"9":{"start":{"line":30,"column":0},"end":{"line":30,"column":77}},"10":{"start":{"line":31,"column":0},"end":{"line":31,"column":61}},"11":{"start":{"line":32,"column":0},"end":{"line":32,"column":44}},"12":{"start":{"line":34,"column":0},"end":{"line":34,"column":24}}},"fnMap":{},"branchMap":{},"s":{"0":3,"1":3,"2":3,"3":3,"4":3,"5":3,"6":3,"7":3,"8":3,"9":3,"10":3,"11":3,"12":3},"f":{},"b":{},"_coverageSchema":"1a1c01bbd47fc00a2c39e90264f33305004495a9","hash":"ddb738f8fc78f9b50226c7258c1b6ffd26c25558"}
,"/home/lybace/Desktop/Projects/Internship/ECommerce-Store/backend/routes/orderRoutes.js": {"path":"/home/lybace/Desktop/Projects/Internship/ECommerce-Store/backend/routes/orderRoutes.js","statementMap":{"0":{"start":{"line":4,"column":16},"end":{"line":4,"column":34}},"1":{"start":{"line":5,"column":17},"end":{"line":5,"column":45}},"2":{"start":{"line":13,"column":4},"end":{"line":13,"column":45}},"3":{"start":{"line":14,"column":20},"end":{"line":14,"column":49}},"4":{"start":{"line":15,"column":18},"end":{"line":15,"column":52}},"5":{"start":{"line":16,"column":21},"end":{"line":16,"column":61}},"6":{"start":{"line":18,"column":15},"end":{"line":18,"column":31}},"7":{"start":{"line":21,"column":24},"end":{"line":27,"column":1}},"8":{"start":{"line":29,"column":0},"end":{"line":29,"column":66}},"9":{"start":{"line":30,"column":0},"end":{"line":30,"column":46}},"10":{"start":{"line":31,"column":0},"end":{"line":31,"column":42}},"11":{"start":{"line":32,"column":0},"end":{"line":32,"column":51}},"12":{"start":{"line":35,"column":0},"end":{"line":35,"column":46}},"13":{"start":{"line":36,"column":0},"end":{"line":36,"column":61}},"14":{"start":{"line":38,"column":0},"end":{"line":38,"column":24}}},"fnMap":{},"branchMap":{},"s":{"0":2,"1":2,"2":2,"3":2,"4":2,"5":2,"6":2,"7":2,"8":2,"9":2,"10":2,"11":2,"12":2,"13":2,"14":2},"f":{},"b":{},"_coverageSchema":"1a1c01bbd47fc00a2c39e90264f33305004495a9","hash":"9e08b009efdc87af15428812354a5188c3f03764"}
,"/home/lybace/Desktop/Projects/Internship/ECommerce-Store/backend/routes/productRoutes.js": {"path":"/home/lybace/Desktop/Projects/Internship/ECommerce-Store/backend/routes/productRoutes.js","statementMap":{"0":{"start":{"line":4,"column":16},"end":{"line":4,"column":34}},"1":{"start":{"line":5,"column":17},"end":{"line":5,"column":45}},"2":{"start":{"line":16,"column":4},"end":{"line":16,"column":47}},"3":{"start":{"line":17,"column":20},"end":{"line":17,"column":49}},"4":{"start":{"line":18,"column":18},"end":{"line":18,"column":52}},"5":{"start":{"line":19,"column":21},"end":{"line":19,"column":61}},"6":{"start":{"line":21,"column":15},"end":{"line":21,"column":31}},"7":{"start":{"line":23,"column":26},"end":{"line":40,"column":1}},"8":{"start":{"line":43,"column":0},"end":{"line":43,"column":29}},"9":{"start":{"line":44,"column":0},"end":{"line":44,"column":46}},"10":{"start":{"line":45,"column":0},"end":{"line":45,"column":38}},"11":{"start":{"line":46,"column":0},"end":{"line":46,"column":50}},"12":{"start":{"line":47,"column":0},"end":{"line":47,"column":35}},"13":{"start":{"line":48,"column":0},"end":{"line":48,"column":47}},"14":{"start":{"line":51,"column":0},"end":{"line":51,"column":77}},"15":{"start":{"line":52,"column":0},"end":{"line":52,"column":50}},"16":{"start":{"line":53,"column":0},"end":{"line":53,"column":53}},"17":{"start":{"line":55,"column":0},"end":{"line":55,"column":24}}},"fnMap":{},"branchMap":{},"s":{"0":2,"1":2,"2":2,"3":2,"4":2,"5":2,"6":2,"7":2,"8":2,"9":2,"10":2,"11":2,"12":2,"13":2,"14":2,"15":2,"16":2,"17":2},"f":{},"b":{},"_coverageSchema":"1a1c01bbd47fc00a2c39e90264f33305004495a9","hash":"8fb0f1cc833945c3ea40d45c4e50ae2f5aabc79e"}
,"/home/lybace/Desktop/Projects/Internship/ECommerce-Store/backend/utils/generateToken.js": {"path":"/home/lybace/Desktop/Projects/Internship/ECommerce-Store/backend/utils/generateToken.js","statementMap":{"0":{"start":{"line":4,"column":12},"end":{"line":4,"column":35}},"1":{"start":{"line":6,"column":22},"end":{"line":10,"column":1}},"2":{"start":{"line":7,"column":2},"end":{"line":9,"column":5}},"3":{"start":{"line":12,"column":0},"end":{"line":12,"column":31}}},"fnMap":{"0":{"name":"(anonymous_0)","decl":{"start":{"line":6,"column":22},"end":{"line":6,"column":23}},"loc":{"start":{"line":6,"column":34},"end":{"line":10,"column":1}},"line":6}},"branchMap":{"0":{"loc":{"start":{"line":8,"column":15},"end":{"line":8,"column":45}},"type":"binary-expr","locations":[{"start":{"line":8,"column":15},"end":{"line":8,"column":37}},{"start":{"line":8,"column":41},"end":{"line":8,"column":45}}],"line":8}},"s":{"0":5,"1":5,"2":85,"3":5},"f":{"0":85},"b":{"0":[85,0]},"_coverageSchema":"1a1c01bbd47fc00a2c39e90264f33305004495a9","hash":"3b2e354251bc9a831b96605ff70da15b9a56ba6b"}
}
