TN:
SF:controllers/authController.js
FN:10,(anonymous_0)
FN:56,(anonymous_1)
FN:112,(anonymous_2)
FN:137,(anonymous_3)
FN:176,(anonymous_4)
FNF:5
FNH:2
FNDA:32,(anonymous_0)
FNDA:3,(anonymous_1)
FNDA:0,(anonymous_2)
FNDA:0,(anonymous_3)
FNDA:0,(anonymous_4)
DA:4,3
DA:5,3
DA:10,3
DA:11,32
DA:12,32
DA:15,32
DA:17,32
DA:18,1
DA:25,31
DA:33,31
DA:35,0
DA:49,31
DA:56,3
DA:57,3
DA:58,3
DA:61,3
DA:62,0
DA:69,3
DA:71,3
DA:72,1
DA:79,2
DA:81,2
DA:82,1
DA:89,1
DA:91,0
DA:105,1
DA:112,3
DA:113,0
DA:114,0
DA:115,0
DA:130,0
DA:137,3
DA:138,0
DA:139,0
DA:142,0
DA:143,0
DA:144,0
DA:145,0
DA:146,0
DA:148,0
DA:154,0
DA:169,0
DA:176,3
DA:177,0
DA:178,0
DA:180,0
DA:181,0
DA:188,0
DA:191,0
DA:193,0
DA:194,0
DA:201,0
DA:202,0
DA:205,0
DA:206,0
DA:213,0
LF:56
LH:26
BRDA:17,0,0,1
BRDA:17,0,1,31
BRDA:61,1,0,0
BRDA:61,1,1,3
BRDA:61,2,0,3
BRDA:61,2,1,3
BRDA:71,3,0,1
BRDA:71,3,1,2
BRDA:81,4,0,1
BRDA:81,4,1,1
BRDA:143,5,0,0
BRDA:143,5,1,0
BRDA:144,6,0,0
BRDA:144,6,1,0
BRDA:145,7,0,0
BRDA:145,7,1,0
BRDA:146,8,0,0
BRDA:146,8,1,0
BRDA:180,9,0,0
BRDA:180,9,1,0
BRDA:180,10,0,0
BRDA:180,10,1,0
BRDA:193,11,0,0
BRDA:193,11,1,0
BRF:24
BRH:9
end_of_record
TN:
SF:controllers/cartController.js
FN:10,(anonymous_0)
FN:30,(anonymous_1)
FN:66,(anonymous_2)
FN:105,(anonymous_3)
FN:126,(anonymous_4)
FN:163,(anonymous_5)
FN:176,(anonymous_6)
FN:194,(anonymous_7)
FNF:8
FNH:0
FNDA:0,(anonymous_0)
FNDA:0,(anonymous_1)
FNDA:0,(anonymous_2)
FNDA:0,(anonymous_3)
FNDA:0,(anonymous_4)
FNDA:0,(anonymous_5)
FNDA:0,(anonymous_6)
FNDA:0,(anonymous_7)
DA:4,1
DA:5,1
DA:10,1
DA:11,0
DA:12,0
DA:15,0
DA:16,0
DA:19,0
DA:24,0
DA:30,1
DA:31,0
DA:32,0
DA:35,0
DA:36,0
DA:43,0
DA:44,0
DA:45,0
DA:51,0
DA:52,0
DA:59,0
DA:60,0
DA:61,0
DA:65,0
DA:66,0
DA:68,0
DA:70,0
DA:73,0
DA:74,0
DA:80,0
DA:83,0
DA:89,0
DA:90,0
DA:92,0
DA:98,0
DA:105,1
DA:106,0
DA:107,0
DA:109,0
DA:110,0
DA:116,0
DA:117,0
DA:118,0
DA:125,0
DA:126,0
DA:129,0
DA:130,0
DA:136,0
DA:137,0
DA:138,0
DA:145,0
DA:146,0
DA:148,0
DA:149,0
DA:151,0
DA:157,0
DA:163,1
DA:164,0
DA:165,0
DA:167,0
DA:168,0
DA:175,0
DA:176,0
DA:179,0
DA:180,0
DA:182,0
DA:188,0
DA:194,1
DA:195,0
DA:196,0
DA:198,0
DA:199,0
DA:205,0
DA:206,0
DA:207,0
DA:209,0
DA:215,0
LF:76
LH:7
BRDA:15,0,0,0
BRDA:15,0,1,0
BRDA:35,1,0,0
BRDA:35,1,1,0
BRDA:35,2,0,0
BRDA:35,2,1,0
BRDA:44,3,0,0
BRDA:44,3,1,0
BRDA:51,4,0,0
BRDA:51,4,1,0
BRDA:60,5,0,0
BRDA:60,5,1,0
BRDA:68,6,0,0
BRDA:68,6,1,0
BRDA:73,7,0,0
BRDA:73,7,1,0
BRDA:109,8,0,0
BRDA:109,8,1,0
BRDA:109,9,0,0
BRDA:109,9,1,0
BRDA:117,10,0,0
BRDA:117,10,1,0
BRDA:129,11,0,0
BRDA:129,11,1,0
BRDA:137,12,0,0
BRDA:137,12,1,0
BRDA:167,13,0,0
BRDA:167,13,1,0
BRDA:198,14,0,0
BRDA:198,14,1,0
BRF:30
BRH:0
end_of_record
TN:
SF:controllers/productController.js
FN:9,(anonymous_0)
FN:120,(anonymous_1)
FN:142,(anonymous_2)
FN:182,(anonymous_3)
FN:215,(anonymous_4)
FN:240,(anonymous_5)
FN:255,(anonymous_6)
FN:270,(anonymous_7)
FN:291,(anonymous_8)
FNF:9
FNH:0
FNDA:0,(anonymous_0)
FNDA:0,(anonymous_1)
FNDA:0,(anonymous_2)
FNDA:0,(anonymous_3)
FNDA:0,(anonymous_4)
FNDA:0,(anonymous_5)
FNDA:0,(anonymous_6)
FNDA:0,(anonymous_7)
FNDA:0,(anonymous_8)
DA:4,1
DA:9,1
DA:10,0
DA:11,0
DA:12,0
DA:13,0
DA:16,0
DA:19,0
DA:20,0
DA:24,0
DA:25,0
DA:28,0
DA:29,0
DA:33,0
DA:34,0
DA:38,0
DA:39,0
DA:40,0
DA:41,0
DA:43,0
DA:44,0
DA:49,0
DA:50,0
DA:53,0
DA:54,0
DA:58,0
DA:59,0
DA:63,0
DA:64,0
DA:65,0
DA:67,0
DA:68,0
DA:70,0
DA:71,0
DA:73,0
DA:74,0
DA:76,0
DA:77,0
DA:79,0
DA:80,0
DA:82,0
DA:85,0
DA:89,0
DA:96,0
DA:97,0
DA:99,0
DA:113,0
DA:120,1
DA:121,0
DA:122,0
DA:124,0
DA:125,0
DA:131,0
DA:136,0
DA:142,1
DA:143,0
DA:155,0
DA:156,0
DA:169,0
DA:175,0
DA:182,1
DA:183,0
DA:184,0
DA:186,0
DA:187,0
DA:194,0
DA:203,0
DA:209,0
DA:215,1
DA:216,0
DA:217,0
DA:219,0
DA:220,0
DA:226,0
DA:228,0
DA:234,0
DA:240,1
DA:241,0
DA:242,0
DA:244,0
DA:249,0
DA:255,1
DA:256,0
DA:257,0
DA:259,0
DA:264,0
DA:270,1
DA:271,0
DA:272,0
DA:274,0
DA:279,0
DA:285,0
DA:291,1
DA:292,0
DA:293,0
DA:295,0
DA:296,0
DA:302,0
DA:305,0
DA:312,0
DA:318,0
LF:101
LH:10
BRDA:11,0,0,0
BRDA:11,0,1,0
BRDA:12,1,0,0
BRDA:12,1,1,0
BRDA:19,2,0,0
BRDA:19,2,1,0
BRDA:24,3,0,0
BRDA:24,3,1,0
BRDA:28,4,0,0
BRDA:28,4,1,0
BRDA:33,5,0,0
BRDA:33,5,1,0
BRDA:38,6,0,0
BRDA:38,6,1,0
BRDA:38,7,0,0
BRDA:38,7,1,0
BRDA:40,8,0,0
BRDA:40,8,1,0
BRDA:43,9,0,0
BRDA:43,9,1,0
BRDA:49,10,0,0
BRDA:49,10,1,0
BRDA:53,11,0,0
BRDA:53,11,1,0
BRDA:58,12,0,0
BRDA:58,12,1,0
BRDA:64,13,0,0
BRDA:64,13,1,0
BRDA:65,14,0,0
BRDA:65,14,1,0
BRDA:65,14,2,0
BRDA:65,14,3,0
BRDA:65,14,4,0
BRDA:65,14,5,0
BRDA:124,15,0,0
BRDA:124,15,1,0
BRDA:164,16,0,0
BRDA:164,16,1,0
BRDA:165,17,0,0
BRDA:165,17,1,0
BRDA:166,18,0,0
BRDA:166,18,1,0
BRDA:186,19,0,0
BRDA:186,19,1,0
BRDA:219,20,0,0
BRDA:219,20,1,0
BRDA:272,21,0,0
BRDA:272,21,1,0
BRDA:295,22,0,0
BRDA:295,22,1,0
BRDA:302,23,0,0
BRDA:302,23,1,0
BRF:52
BRH:0
end_of_record
TN:
SF:middleware/adminAuth.js
FN:6,(anonymous_0)
FNF:1
FNH:0
FNDA:0,(anonymous_0)
DA:6,1
DA:7,0
DA:8,0
DA:10,0
LF:4
LH:1
BRDA:7,0,0,0
BRDA:7,0,1,0
BRDA:7,1,0,0
BRDA:7,1,1,0
BRF:4
BRH:0
end_of_record
TN:
SF:middleware/auth.js
FN:4,(anonymous_0)
FNF:1
FNH:0
FNDA:0,(anonymous_0)
DA:1,3
DA:2,3
DA:4,3
DA:5,0
DA:8,0
DA:9,0
DA:12,0
DA:13,0
DA:19,0
DA:20,0
DA:22,0
DA:23,0
DA:29,0
DA:31,0
LF:14
LH:3
BRDA:8,0,0,0
BRDA:8,0,1,0
BRDA:8,1,0,0
BRDA:8,1,1,0
BRDA:12,2,0,0
BRDA:12,2,1,0
BRDA:22,3,0,0
BRDA:22,3,1,0
BRF:8
BRH:0
end_of_record
TN:
SF:middleware/errorHandler.js
FN:6,(anonymous_0)
FN:28,(anonymous_1)
FNF:2
FNH:1
FNDA:32,(anonymous_0)
FNDA:0,(anonymous_1)
DA:6,3
DA:7,32
DA:8,32
DA:11,32
DA:14,32
DA:15,0
DA:16,0
DA:20,32
DA:21,0
DA:22,0
DA:23,0
DA:27,32
DA:28,0
DA:29,0
DA:32,32
DA:33,0
DA:34,0
DA:37,32
DA:38,0
DA:39,0
DA:42,32
LF:21
LH:10
BRDA:14,0,0,0
BRDA:14,0,1,32
BRDA:20,1,0,0
BRDA:20,1,1,32
BRDA:27,2,0,0
BRDA:27,2,1,32
BRDA:32,3,0,0
BRDA:32,3,1,32
BRDA:37,4,0,0
BRDA:37,4,1,32
BRDA:42,5,0,32
BRDA:42,5,1,32
BRDA:44,6,0,32
BRDA:44,6,1,0
BRDA:45,7,0,32
BRDA:45,7,1,0
BRF:16
BRH:9
end_of_record
TN:
SF:middleware/validateRequest.js
FN:7,(anonymous_0)
FN:14,(anonymous_1)
FNF:2
FNH:2
FNDA:39,(anonymous_0)
FNDA:8,(anonymous_1)
DA:4,3
DA:7,3
DA:8,39
DA:10,39
DA:11,4
DA:14,8
DA:21,35
LF:7
LH:7
BRDA:10,0,0,4
BRDA:10,0,1,35
BRF:2
BRH:2
end_of_record
TN:
SF:models/Cart.js
FN:41,(anonymous_0)
FN:42,(anonymous_1)
FNF:2
FNH:0
FNDA:0,(anonymous_0)
FNDA:0,(anonymous_1)
DA:4,1
DA:6,1
DA:24,1
DA:41,1
DA:42,0
DA:43,0
DA:46,1
LF:7
LH:5
BRF:0
BRH:0
end_of_record
TN:
SF:models/Product.js
FNF:0
FNH:0
DA:4,2
DA:6,2
DA:66,2
DA:68,2
LF:4
LH:4
BRF:0
BRH:0
end_of_record
TN:
SF:models/User.js
FN:48,(anonymous_0)
FN:64,(anonymous_1)
FNF:2
FNH:2
FNDA:31,(anonymous_0)
FNDA:2,(anonymous_1)
DA:4,3
DA:5,3
DA:7,3
DA:48,3
DA:53,31
DA:54,0
DA:58,31
DA:59,31
DA:64,3
DA:65,2
DA:68,3
LF:11
LH:10
BRDA:53,0,0,0
BRDA:53,0,1,31
BRF:2
BRH:1
end_of_record
TN:
SF:routes/authRoutes.js
FNF:0
FNH:0
DA:4,3
DA:5,3
DA:12,3
DA:13,3
DA:14,3
DA:16,3
DA:19,3
DA:35,3
DA:44,3
DA:53,3
DA:54,3
DA:55,3
DA:56,3
DA:57,3
DA:59,3
LF:15
LH:15
BRF:0
BRH:0
end_of_record
TN:
SF:routes/cartRoutes.js
FNF:0
FNH:0
DA:4,1
DA:5,1
DA:12,1
DA:13,1
DA:14,1
DA:16,1
DA:19,1
DA:28,1
DA:29,1
DA:30,1
DA:31,1
DA:32,1
DA:34,1
LF:13
LH:13
BRF:0
BRH:0
end_of_record
TN:
SF:routes/productRoutes.js
FNF:0
FNH:0
DA:4,1
DA:5,1
DA:16,1
DA:17,1
DA:18,1
DA:19,1
DA:21,1
DA:23,1
DA:43,1
DA:44,1
DA:45,1
DA:46,1
DA:47,1
DA:48,1
DA:51,1
DA:52,1
DA:53,1
DA:55,1
LF:18
LH:18
BRF:0
BRH:0
end_of_record
TN:
SF:utils/generateToken.js
FN:6,(anonymous_0)
FNF:1
FNH:1
FNDA:32,(anonymous_0)
DA:4,3
DA:6,3
DA:7,32
DA:12,3
LF:4
LH:4
BRDA:8,0,0,0
BRDA:8,0,1,0
BRF:2
BRH:0
end_of_record
