TN:
SF:controllers/authController.js
FN:10,(anonymous_0)
FN:56,(anonymous_1)
FN:112,(anonymous_2)
FN:137,(anonymous_3)
FN:176,(anonymous_4)
FNF:5
FNH:5
FNDA:66,(anonymous_0)
FNDA:21,(anonymous_1)
FNDA:1,(anonymous_2)
FNDA:1,(anonymous_3)
FNDA:1,(anonymous_4)
DA:4,5
DA:5,5
DA:10,5
DA:11,66
DA:12,66
DA:15,66
DA:17,66
DA:18,1
DA:25,65
DA:33,65
DA:35,65
DA:49,0
DA:56,5
DA:57,21
DA:58,21
DA:61,21
DA:62,0
DA:69,21
DA:71,21
DA:72,1
DA:79,20
DA:81,20
DA:82,1
DA:89,19
DA:91,19
DA:105,0
DA:112,5
DA:113,1
DA:114,1
DA:115,1
DA:130,0
DA:137,5
DA:138,1
DA:139,1
DA:142,1
DA:143,1
DA:144,1
DA:145,1
DA:146,1
DA:148,1
DA:154,1
DA:169,0
DA:176,5
DA:177,1
DA:178,1
DA:180,1
DA:181,0
DA:188,1
DA:191,1
DA:193,1
DA:194,0
DA:201,1
DA:202,1
DA:205,1
DA:206,1
DA:213,0
LF:56
LH:48
BRDA:17,0,0,1
BRDA:17,0,1,65
BRDA:61,1,0,0
BRDA:61,1,1,21
BRDA:61,2,0,21
BRDA:61,2,1,21
BRDA:71,3,0,1
BRDA:71,3,1,20
BRDA:81,4,0,1
BRDA:81,4,1,19
BRDA:143,5,0,1
BRDA:143,5,1,0
BRDA:144,6,0,0
BRDA:144,6,1,1
BRDA:145,7,0,1
BRDA:145,7,1,0
BRDA:146,8,0,0
BRDA:146,8,1,1
BRDA:180,9,0,0
BRDA:180,9,1,1
BRDA:180,10,0,1
BRDA:180,10,1,1
BRDA:193,11,0,0
BRDA:193,11,1,1
BRF:24
BRH:17
end_of_record
TN:
SF:controllers/cartController.js
FN:10,(anonymous_0)
FN:30,(anonymous_1)
FN:66,(anonymous_2)
FN:105,(anonymous_3)
FN:126,(anonymous_4)
FN:163,(anonymous_5)
FN:176,(anonymous_6)
FN:194,(anonymous_7)
FNF:8
FNH:8
FNDA:1,(anonymous_0)
FNDA:20,(anonymous_1)
FNDA:1,(anonymous_2)
FNDA:3,(anonymous_3)
FNDA:3,(anonymous_4)
FNDA:2,(anonymous_5)
FNDA:2,(anonymous_6)
FNDA:1,(anonymous_7)
DA:4,3
DA:5,3
DA:10,3
DA:11,1
DA:12,1
DA:15,1
DA:16,1
DA:19,1
DA:24,0
DA:30,3
DA:31,20
DA:32,20
DA:35,20
DA:36,0
DA:43,20
DA:44,20
DA:45,1
DA:51,19
DA:52,1
DA:59,18
DA:60,18
DA:61,17
DA:65,18
DA:66,1
DA:68,18
DA:70,1
DA:73,1
DA:74,0
DA:80,1
DA:83,17
DA:89,18
DA:90,18
DA:92,18
DA:98,0
DA:105,3
DA:106,3
DA:107,3
DA:109,3
DA:110,0
DA:116,3
DA:117,3
DA:118,0
DA:125,3
DA:126,3
DA:129,3
DA:130,0
DA:136,3
DA:137,3
DA:138,1
DA:145,2
DA:146,2
DA:148,2
DA:149,2
DA:151,2
DA:157,0
DA:163,3
DA:164,2
DA:165,2
DA:167,2
DA:168,0
DA:175,2
DA:176,2
DA:179,2
DA:180,2
DA:182,2
DA:188,0
DA:194,3
DA:195,1
DA:196,1
DA:198,1
DA:199,0
DA:205,1
DA:206,1
DA:207,1
DA:209,1
DA:215,0
LF:76
LH:64
BRDA:15,0,0,1
BRDA:15,0,1,0
BRDA:35,1,0,0
BRDA:35,1,1,20
BRDA:35,2,0,20
BRDA:35,2,1,20
BRDA:44,3,0,1
BRDA:44,3,1,19
BRDA:51,4,0,1
BRDA:51,4,1,18
BRDA:60,5,0,17
BRDA:60,5,1,1
BRDA:68,6,0,1
BRDA:68,6,1,17
BRDA:73,7,0,0
BRDA:73,7,1,1
BRDA:109,8,0,0
BRDA:109,8,1,3
BRDA:109,9,0,3
BRDA:109,9,1,3
BRDA:117,10,0,0
BRDA:117,10,1,3
BRDA:129,11,0,0
BRDA:129,11,1,3
BRDA:137,12,0,1
BRDA:137,12,1,2
BRDA:167,13,0,0
BRDA:167,13,1,2
BRDA:198,14,0,0
BRDA:198,14,1,1
BRF:30
BRH:22
end_of_record
TN:
SF:controllers/orderController.js
FN:11,(anonymous_0)
FN:107,(anonymous_1)
FN:140,(anonymous_2)
FN:172,(anonymous_3)
FN:207,(anonymous_4)
FN:238,(anonymous_5)
FNF:6
FNH:5
FNDA:9,(anonymous_0)
FNDA:1,(anonymous_1)
FNDA:2,(anonymous_2)
FNDA:2,(anonymous_3)
FNDA:0,(anonymous_4)
FNDA:1,(anonymous_5)
DA:4,2
DA:5,2
DA:6,2
DA:11,2
DA:12,9
DA:13,9
DA:16,9
DA:18,0
DA:25,9
DA:27,9
DA:28,1
DA:35,8
DA:36,8
DA:38,8
DA:39,8
DA:41,8
DA:42,0
DA:47,8
DA:48,0
DA:54,8
DA:62,8
DA:66,8
DA:67,8
DA:68,8
DA:71,8
DA:83,8
DA:84,8
DA:90,8
DA:91,8
DA:92,8
DA:94,8
DA:100,0
DA:107,2
DA:108,1
DA:109,1
DA:110,1
DA:111,1
DA:113,1
DA:119,1
DA:121,1
DA:133,0
DA:140,2
DA:141,2
DA:142,2
DA:146,2
DA:147,0
DA:154,2
DA:155,1
DA:161,1
DA:166,0
DA:172,2
DA:173,2
DA:174,2
DA:176,2
DA:177,1
DA:183,1
DA:184,1
DA:185,1
DA:191,1
DA:193,1
DA:194,1
DA:200,0
DA:207,2
DA:208,0
DA:209,0
DA:210,0
DA:211,0
DA:213,0
DA:218,0
DA:220,0
DA:232,0
DA:238,2
DA:239,1
DA:240,1
DA:242,1
DA:243,1
DA:244,0
DA:250,1
DA:252,1
DA:253,0
DA:259,1
DA:260,1
DA:261,0
DA:262,0
DA:265,1
DA:267,1
DA:273,0
LF:87
LH:66
BRDA:16,0,0,0
BRDA:16,0,1,9
BRDA:16,1,0,9
BRDA:16,1,1,9
BRDA:16,1,2,9
BRDA:16,1,3,9
BRDA:16,1,4,9
BRDA:16,1,5,9
BRDA:27,2,0,1
BRDA:27,2,1,8
BRDA:27,3,0,9
BRDA:27,3,1,8
BRDA:41,4,0,0
BRDA:41,4,1,8
BRDA:47,5,0,0
BRDA:47,5,1,8
BRDA:59,6,0,8
BRDA:59,6,1,2
BRDA:67,7,0,1
BRDA:67,7,1,7
BRDA:75,8,0,8
BRDA:75,8,1,7
BRDA:109,9,0,1
BRDA:109,9,1,1
BRDA:110,10,0,1
BRDA:110,10,1,1
BRDA:146,11,0,0
BRDA:146,11,1,2
BRDA:154,12,0,1
BRDA:154,12,1,1
BRDA:154,13,0,2
BRDA:154,13,1,1
BRDA:176,14,0,1
BRDA:176,14,1,1
BRDA:209,15,0,0
BRDA:209,15,1,0
BRDA:210,16,0,0
BRDA:210,16,1,0
BRDA:243,17,0,0
BRDA:243,17,1,1
BRDA:252,18,0,0
BRDA:252,18,1,1
BRDA:260,19,0,0
BRDA:260,19,1,1
BRF:44
BRH:33
end_of_record
TN:
SF:controllers/productController.js
FN:9,(anonymous_0)
FN:120,(anonymous_1)
FN:142,(anonymous_2)
FN:182,(anonymous_3)
FN:215,(anonymous_4)
FN:240,(anonymous_5)
FN:255,(anonymous_6)
FN:270,(anonymous_7)
FN:291,(anonymous_8)
FNF:9
FNH:7
FNDA:7,(anonymous_0)
FNDA:0,(anonymous_1)
FNDA:1,(anonymous_2)
FNDA:1,(anonymous_3)
FNDA:1,(anonymous_4)
FNDA:1,(anonymous_5)
FNDA:1,(anonymous_6)
FNDA:2,(anonymous_7)
FNDA:0,(anonymous_8)
DA:4,2
DA:9,2
DA:10,7
DA:11,7
DA:12,7
DA:13,7
DA:16,7
DA:19,7
DA:20,1
DA:24,7
DA:25,2
DA:28,7
DA:29,0
DA:33,7
DA:34,0
DA:38,7
DA:39,2
DA:40,2
DA:41,2
DA:43,2
DA:44,2
DA:49,7
DA:50,0
DA:53,7
DA:54,0
DA:58,7
DA:59,0
DA:63,7
DA:64,7
DA:65,0
DA:67,0
DA:68,0
DA:70,0
DA:71,0
DA:73,0
DA:74,0
DA:76,0
DA:77,0
DA:79,0
DA:80,0
DA:82,0
DA:85,7
DA:89,7
DA:96,7
DA:97,7
DA:99,7
DA:113,0
DA:120,2
DA:121,0
DA:122,0
DA:124,0
DA:125,0
DA:131,0
DA:136,0
DA:142,2
DA:143,1
DA:155,1
DA:156,1
DA:169,1
DA:175,0
DA:182,2
DA:183,1
DA:184,1
DA:186,1
DA:187,0
DA:194,1
DA:203,1
DA:209,0
DA:215,2
DA:216,1
DA:217,1
DA:219,1
DA:220,0
DA:226,1
DA:228,1
DA:234,0
DA:240,2
DA:241,1
DA:242,1
DA:244,1
DA:249,0
DA:255,2
DA:256,1
DA:257,1
DA:259,1
DA:264,0
DA:270,2
DA:271,2
DA:272,2
DA:274,2
DA:279,2
DA:285,0
DA:291,2
DA:292,0
DA:293,0
DA:295,0
DA:296,0
DA:302,0
DA:305,0
DA:312,0
DA:318,0
LF:101
LH:61
BRDA:11,0,0,7
BRDA:11,0,1,6
BRDA:12,1,0,7
BRDA:12,1,1,6
BRDA:19,2,0,1
BRDA:19,2,1,6
BRDA:24,3,0,2
BRDA:24,3,1,5
BRDA:28,4,0,0
BRDA:28,4,1,7
BRDA:33,5,0,0
BRDA:33,5,1,7
BRDA:38,6,0,2
BRDA:38,6,1,5
BRDA:38,7,0,7
BRDA:38,7,1,5
BRDA:40,8,0,2
BRDA:40,8,1,0
BRDA:43,9,0,2
BRDA:43,9,1,0
BRDA:49,10,0,0
BRDA:49,10,1,7
BRDA:53,11,0,0
BRDA:53,11,1,7
BRDA:58,12,0,0
BRDA:58,12,1,7
BRDA:64,13,0,0
BRDA:64,13,1,7
BRDA:65,14,0,0
BRDA:65,14,1,0
BRDA:65,14,2,0
BRDA:65,14,3,0
BRDA:65,14,4,0
BRDA:65,14,5,0
BRDA:124,15,0,0
BRDA:124,15,1,0
BRDA:164,16,0,1
BRDA:164,16,1,1
BRDA:165,17,0,1
BRDA:165,17,1,1
BRDA:166,18,0,1
BRDA:166,18,1,1
BRDA:186,19,0,0
BRDA:186,19,1,1
BRDA:219,20,0,0
BRDA:219,20,1,1
BRDA:272,21,0,2
BRDA:272,21,1,1
BRDA:295,22,0,0
BRDA:295,22,1,0
BRDA:302,23,0,0
BRDA:302,23,1,0
BRF:52
BRH:30
end_of_record
TN:
SF:middleware/adminAuth.js
FN:6,(anonymous_0)
FNF:1
FNH:1
FNDA:8,(anonymous_0)
DA:6,3
DA:7,8
DA:8,5
DA:10,3
LF:4
LH:4
BRDA:7,0,0,5
BRDA:7,0,1,3
BRDA:7,1,0,8
BRDA:7,1,1,8
BRF:4
BRH:4
end_of_record
TN:
SF:middleware/auth.js
FN:4,(anonymous_0)
FNF:1
FNH:1
FNDA:57,(anonymous_0)
DA:1,5
DA:2,5
DA:4,5
DA:5,57
DA:8,57
DA:9,54
DA:12,57
DA:13,3
DA:19,54
DA:20,53
DA:22,53
DA:23,0
DA:29,53
DA:31,1
LF:14
LH:13
BRDA:8,0,0,54
BRDA:8,0,1,3
BRDA:8,1,0,57
BRDA:8,1,1,54
BRDA:12,2,0,3
BRDA:12,2,1,54
BRDA:22,3,0,0
BRDA:22,3,1,53
BRF:8
BRH:7
end_of_record
TN:
SF:middleware/validateRequest.js
FN:7,(anonymous_0)
FN:14,(anonymous_1)
FNF:2
FNH:2
FNDA:127,(anonymous_0)
FNDA:18,(anonymous_1)
DA:4,5
DA:7,5
DA:8,127
DA:10,127
DA:11,6
DA:14,18
DA:21,121
LF:7
LH:7
BRDA:10,0,0,6
BRDA:10,0,1,121
BRF:2
BRH:2
end_of_record
TN:
SF:models/Cart.js
FN:41,(anonymous_0)
FN:42,(anonymous_1)
FNF:2
FNH:2
FNDA:49,(anonymous_0)
FNDA:20,(anonymous_1)
DA:4,3
DA:6,3
DA:24,3
DA:41,3
DA:42,49
DA:43,20
DA:46,3
LF:7
LH:7
BRF:0
BRH:0
end_of_record
TN:
SF:models/Order.js
FNF:0
FNH:0
DA:4,2
DA:6,2
DA:25,2
DA:95,2
LF:4
LH:4
BRF:0
BRH:0
end_of_record
TN:
SF:models/Product.js
FNF:0
FNH:0
DA:4,4
DA:6,4
DA:66,4
DA:68,4
LF:4
LH:4
BRF:0
BRH:0
end_of_record
TN:
SF:models/User.js
FN:48,(anonymous_0)
FN:64,(anonymous_1)
FNF:2
FNH:2
FNDA:66,(anonymous_0)
FNDA:21,(anonymous_1)
DA:4,5
DA:5,5
DA:7,5
DA:48,5
DA:53,66
DA:54,0
DA:58,66
DA:59,66
DA:64,5
DA:65,21
DA:68,5
LF:11
LH:10
BRDA:53,0,0,0
BRDA:53,0,1,66
BRF:2
BRH:1
end_of_record
TN:
SF:routes/authRoutes.js
FNF:0
FNH:0
DA:4,5
DA:5,5
DA:12,5
DA:13,5
DA:14,5
DA:16,5
DA:19,5
DA:35,5
DA:44,5
DA:53,5
DA:54,5
DA:55,5
DA:56,5
DA:57,5
DA:59,5
LF:15
LH:15
BRF:0
BRH:0
end_of_record
TN:
SF:routes/cartRoutes.js
FNF:0
FNH:0
DA:4,3
DA:5,3
DA:12,3
DA:13,3
DA:14,3
DA:16,3
DA:19,3
DA:28,3
DA:29,3
DA:30,3
DA:31,3
DA:32,3
DA:34,3
LF:13
LH:13
BRF:0
BRH:0
end_of_record
TN:
SF:routes/orderRoutes.js
FNF:0
FNH:0
DA:4,2
DA:5,2
DA:13,2
DA:14,2
DA:15,2
DA:16,2
DA:18,2
DA:21,2
DA:29,2
DA:30,2
DA:31,2
DA:32,2
DA:35,2
DA:36,2
DA:38,2
LF:15
LH:15
BRF:0
BRH:0
end_of_record
TN:
SF:routes/productRoutes.js
FNF:0
FNH:0
DA:4,2
DA:5,2
DA:16,2
DA:17,2
DA:18,2
DA:19,2
DA:21,2
DA:23,2
DA:43,2
DA:44,2
DA:45,2
DA:46,2
DA:47,2
DA:48,2
DA:51,2
DA:52,2
DA:53,2
DA:55,2
LF:18
LH:18
BRF:0
BRH:0
end_of_record
TN:
SF:utils/generateToken.js
FN:6,(anonymous_0)
FNF:1
FNH:1
FNDA:85,(anonymous_0)
DA:4,5
DA:6,5
DA:7,85
DA:12,5
LF:4
LH:4
BRDA:8,0,0,85
BRDA:8,0,1,0
BRF:2
BRH:1
end_of_record
